<?xml version="1.0" encoding="UTF-8"?>
<robot generator="Robot 7.1.1 (Python 3.12.1 on win32)" generated="2024-10-30T18:24:08.514451" rpa="false" schemaversion="5">
<suite id="s1" name="Slogan" source="C:\Coding\robotframework-qax\slogan.robot">
<test id="s1-t1" name="Should display the catchphrase slogan in the landing page" line="7">
<kw name="New Page" owner="Browser">
<msg time="2024-10-30T18:24:08.727051" level="INFO">Starting Browser process C:\Python312\Lib\site-packages\Browser\wrapper\index.js using port 61444</msg>
<msg time="2024-10-30T18:24:08.727051" level="INFO">Node startup parameters: ['node', 'C:\\Python312\\Lib\\site-packages\\Browser\\wrapper\\index.js', '61444']</msg>
<msg time="2024-10-30T18:24:13.667435" level="INFO">Keyword 'Take Screenshot  fail-screenshot-{index}' could not be run on failure:
Error: Tried to take screenshot, but no page was open.</msg>
<msg time="2024-10-30T18:24:13.667435" level="INFO">See also file:///C:/Coding/robotframework-qax/playwright-log.txt for additional details.</msg>
<msg time="2024-10-30T18:24:13.667435" level="FAIL">Error: page.goto: net::ERR_CONNECTION_REFUSED at http://localhost:3000/
Call log:
  - navigating to "http://localhost:3000/", waiting until "load"
</msg>
<arg>http://localhost:3000</arg>
<tag>BrowserControl</tag>
<tag>Setter</tag>
<doc>Open a new Page.</doc>
<status status="FAIL" start="2024-10-30T18:24:08.688484" elapsed="4.982981">Error: page.goto: net::ERR_CONNECTION_REFUSED at http://localhost:3000/
Call log:
  - navigating to "http://localhost:3000/", waiting until "load"
</status>
</kw>
<kw name="Get Text" owner="Browser">
<arg>css=.headline h2</arg>
<arg>equal</arg>
<arg>Sua Jornada Fitness Começa aqui!</arg>
<tag>Assertion</tag>
<tag>Getter</tag>
<tag>PageContent</tag>
<doc>Returns text attribute of the element found by ``selector``.</doc>
<status status="NOT RUN" start="2024-10-30T18:24:13.671465" elapsed="0.000000"/>
</kw>
<status status="FAIL" start="2024-10-30T18:24:08.687484" elapsed="4.983981">Error: page.goto: net::ERR_CONNECTION_REFUSED at http://localhost:3000/
Call log:
  - navigating to "http://localhost:3000/", waiting until "load"
</status>
</test>
<doc>Targeting SmartBit catchphrase slogan in the webapp</doc>
<status status="FAIL" start="2024-10-30T18:24:08.516451" elapsed="5.188068"/>
</suite>
<statistics>
<total>
<stat pass="0" fail="1" skip="0">All Tests</stat>
</total>
<tag>
</tag>
<suite>
<stat pass="0" fail="1" skip="0" id="s1" name="Slogan">Slogan</stat>
</suite>
</statistics>
<errors>
</errors>
</robot>
