<?xml version="1.0" encoding="UTF-8"?>
<robot generator="Robot 7.1.1 (Python 3.12.1 on win32)" generated="2024-11-04T16:01:41.359077" rpa="false" schemaversion="5">
<suite id="s1" name="Mybody" source="C:\Coding\robotframework-qax\mobile\tests\mybody.robot">
<test id="s1-t1" name="Should Be Able To Update Measures" line="9">
<kw name="Start Session" owner="Base" type="SETUP">
<kw name="Open Application" owner="AppiumLibrary">
<arg>remote_url=http://localhost:4723</arg>
<arg>platformName=Android</arg>
<arg>automationName=UIAutomator2</arg>
<arg>deviceName=Emulator</arg>
<arg>udid=emulator-5554</arg>
<arg>app=C:\\Coding\\robotframework-qax\\mobile\\resources/../../smartbit/app/smartbit-beta.apk</arg>
<arg>autoGrantPermissions=true</arg>
<doc>Opens a new application to given Appium server.
Capabilities of appium server, Android and iOS,
Please check https://appium.io/docs/en/2.1/cli/args/
| *Option*            | *Man.* | *Description*     |
| remote_url          | Yes    | Appium server url |
| alias               | no     | alias             |
| strict_ssl          | No     | allows you to send commands to an invalid certificate host like a self-signed one. |</doc>
<status status="PASS" start="2024-11-04T16:01:42.604241" elapsed="13.071219"/>
</kw>
<kw name="Wait Until Page Contains" owner="AppiumLibrary">
<arg>IP da API</arg>
<arg>30s</arg>
<doc>Waits until `text` appears on current page.</doc>
<status status="PASS" start="2024-11-04T16:01:55.675460" elapsed="0.998014"/>
</kw>
<status status="PASS" start="2024-11-04T16:01:42.603240" elapsed="14.070234"/>
</kw>
<kw name="Get JSON Fixture" owner="Data">
<kw name="Load Json From File" owner="JSONLibrary">
<msg time="2024-11-04T16:01:56.675471" level="INFO">${data} = {'login': {'account': {'name': 'Paula Cinturo', 'email': 'paula.cinturo@test.com', 'cpf': '82259114075'}, 'plan': {'name': 'Plano Black', 'id': 2, 'price': 79.99}, 'credit_card': {'number': '424242424...</msg>
<var>${data}</var>
<arg>${EXECDIR}/resources/fixtures/${file_name}.json</arg>
<doc>Load JSON from file.</doc>
<status status="PASS" start="2024-11-04T16:01:56.673474" elapsed="0.001997"/>
</kw>
<return>
<value>${data}[${node_path}]</value>
<status status="PASS" start="2024-11-04T16:01:56.675471" elapsed="0.000000"/>
</return>
<msg time="2024-11-04T16:01:56.675471" level="INFO">${data} = {'account': {'name': 'Dominic Toreto', 'email': 'dominic.toreto@test.com', 'cpf': '13260933042', 'height': '80', 'weight': '190'}, 'plan': {'name': 'Plano Black', 'id': 2, 'price': 79.99}, 'credit_car...</msg>
<var>${data}</var>
<arg>data</arg>
<arg>update</arg>
<status status="PASS" start="2024-11-04T16:01:56.673474" elapsed="0.001997"/>
</kw>
<kw name="Database Delete Account By Email" owner="DB">
<kw name="Open Database Connection" owner="DB">
<kw name="Connect To Database" owner="DatabaseLibrary">
<msg time="2024-11-04T16:01:56.676484" level="INFO">Looking for configuration file: 'resources\db.cfg'</msg>
<msg time="2024-11-04T16:01:56.676484" level="INFO">Configuration file doesn't exist</msg>
<msg time="2024-11-04T16:01:56.695093" level="INFO">Connect to DB using : psycopg2.connect(database='smartbit', user='postgres', password=***, host='localhost', port=5432)</msg>
<arg>db_module=psycopg2</arg>
<arg>db_name=smartbit</arg>
<arg>db_user=postgres</arg>
<arg>db_password=QAx@123</arg>
<arg>db_host=localhost</arg>
<arg>db_port=5432</arg>
<doc>Creates a database connection using the DB API 2.0 ``db_module`` and the parameters provided.
Along with listed commonly used arguments (`db_name`, `db_host` etc.)
you can set any other DB module specific parameters as key/value pairs.</doc>
<status status="PASS" start="2024-11-04T16:01:56.676484" elapsed="0.078520"/>
</kw>
<status status="PASS" start="2024-11-04T16:01:56.676484" elapsed="0.078520"/>
</kw>
<kw name="Execute Sql String" owner="DatabaseLibrary">
<msg time="2024-11-04T16:01:56.755004" level="INFO" html="true">Executing sql:&lt;br&gt;&lt;code style="font-weight: bold;"&gt;DELETE FROM accounts WHERE email = 'dominic.toreto@test.com';&lt;/code&gt;</msg>
<arg>DELETE FROM accounts WHERE email = '${email}';</arg>
<doc>Executes the ``sql_string`` as a single SQL command.</doc>
<status status="PASS" start="2024-11-04T16:01:56.755004" elapsed="0.051456"/>
</kw>
<kw name="Disconnect From Database" owner="DatabaseLibrary">
<doc>Disconnects from the database.</doc>
<status status="PASS" start="2024-11-04T16:01:56.806460" elapsed="0.000997"/>
</kw>
<arg>${data}[account][email]</arg>
<status status="PASS" start="2024-11-04T16:01:56.675471" elapsed="0.131986"/>
</kw>
<kw name="Database Insert User Account And Membership" owner="DB">
<kw name="Set Variable" owner="BuiltIn">
<msg time="2024-11-04T16:01:56.808459" level="INFO">${name} = Dominic Toreto</msg>
<var>${name}</var>
<arg>${data}[account][name]</arg>
<doc>Returns the given values which can then be assigned to a variables.</doc>
<status status="PASS" start="2024-11-04T16:01:56.808459" elapsed="0.000000"/>
</kw>
<kw name="Set Variable" owner="BuiltIn">
<msg time="2024-11-04T16:01:56.808459" level="INFO">${email} = dominic.toreto@test.com</msg>
<var>${email}</var>
<arg>${data}[account][email]</arg>
<doc>Returns the given values which can then be assigned to a variables.</doc>
<status status="PASS" start="2024-11-04T16:01:56.808459" elapsed="0.000000"/>
</kw>
<kw name="Set Variable" owner="BuiltIn">
<msg time="2024-11-04T16:01:56.808459" level="INFO">${cpf} = 13260933042</msg>
<var>${cpf}</var>
<arg>${data}[account][cpf]</arg>
<doc>Returns the given values which can then be assigned to a variables.</doc>
<status status="PASS" start="2024-11-04T16:01:56.808459" elapsed="0.000000"/>
</kw>
<kw name="Set Variable" owner="BuiltIn">
<msg time="2024-11-04T16:01:56.809460" level="INFO">${plan_id} = 2</msg>
<var>${plan_id}</var>
<arg>${data}[plan][id]</arg>
<doc>Returns the given values which can then be assigned to a variables.</doc>
<status status="PASS" start="2024-11-04T16:01:56.808459" elapsed="0.001001"/>
</kw>
<kw name="Set Variable" owner="BuiltIn">
<msg time="2024-11-04T16:01:56.809460" level="INFO">${price} = 79.99</msg>
<var>${price}</var>
<arg>${data}[plan][price]</arg>
<doc>Returns the given values which can then be assigned to a variables.</doc>
<status status="PASS" start="2024-11-04T16:01:56.809460" elapsed="0.000000"/>
</kw>
<kw name="Set Variable" owner="BuiltIn">
<msg time="2024-11-04T16:01:56.809460" level="INFO">${card} = 4242</msg>
<var>${card}</var>
<arg>${data}[credit_card][last]</arg>
<doc>Returns the given values which can then be assigned to a variables.</doc>
<status status="PASS" start="2024-11-04T16:01:56.809460" elapsed="0.000000"/>
</kw>
<kw name="Open Database Connection" owner="DB">
<kw name="Connect To Database" owner="DatabaseLibrary">
<msg time="2024-11-04T16:01:56.810458" level="INFO">Looking for configuration file: 'resources\db.cfg'</msg>
<msg time="2024-11-04T16:01:56.810458" level="INFO">Configuration file doesn't exist</msg>
<msg time="2024-11-04T16:01:56.810458" level="INFO">Connect to DB using : psycopg2.connect(database='smartbit', user='postgres', password=***, host='localhost', port=5432)</msg>
<arg>db_module=psycopg2</arg>
<arg>db_name=smartbit</arg>
<arg>db_user=postgres</arg>
<arg>db_password=QAx@123</arg>
<arg>db_host=localhost</arg>
<arg>db_port=5432</arg>
<doc>Creates a database connection using the DB API 2.0 ``db_module`` and the parameters provided.
Along with listed commonly used arguments (`db_name`, `db_host` etc.)
you can set any other DB module specific parameters as key/value pairs.</doc>
<status status="PASS" start="2024-11-04T16:01:56.810458" elapsed="0.013789"/>
</kw>
<status status="PASS" start="2024-11-04T16:01:56.809460" elapsed="0.014787"/>
</kw>
<kw name="Execute Sql String" owner="DatabaseLibrary">
<msg time="2024-11-04T16:01:56.825245" level="INFO" html="true">Executing sql:&lt;br&gt;&lt;code style="font-weight: bold;"&gt;WITH new_account AS (INSERT INTO accounts (name, email, cpf) VALUES ('Dominic Toreto', 'dominic.toreto@test.com', '13260933042') RETURNING id) INSERT INTO memberships (account_id, plan_id, credit_card, price, status) SELECT id, 2, '4242', 79.99, true FROM new_account;&lt;/code&gt;</msg>
<arg>WITH new_account AS (INSERT INTO accounts (name, email, cpf) VALUES ('${name}', '${email}', '${cpf}') RETURNING id) INSERT INTO memberships (account_id, plan_id, credit_card, price, status) SELECT id, ${plan_id}, '${card}', ${price}, true FROM new_account;</arg>
<doc>Executes the ``sql_string`` as a single SQL command.</doc>
<status status="PASS" start="2024-11-04T16:01:56.824247" elapsed="0.015816"/>
</kw>
<kw name="Disconnect From Database" owner="DatabaseLibrary">
<doc>Disconnects from the database.</doc>
<status status="PASS" start="2024-11-04T16:01:56.840063" elapsed="0.000000"/>
</kw>
<arg>${data}</arg>
<status status="PASS" start="2024-11-04T16:01:56.807457" elapsed="0.032606"/>
</kw>
<kw name="Login With Document" owner="Login">
<kw name="Input Text" owner="AppiumLibrary">
<msg time="2024-11-04T16:01:56.842065" level="INFO">Typing text '172.30.144.1' into text field 'xpath=/hierarchy/android.widget.FrameLayout/android.widget.LinearLayout/android.widget.FrameLayout/android.widget.LinearLayout/android.widget.FrameLayout/android.widget.FrameLayout/android.view.ViewGroup/android.view.ViewGroup[1]/android.widget.EditText'</msg>
<msg time="2024-11-04T16:01:58.273235" level="INFO">xpath criteria: /hierarchy/android.widget.FrameLayout/android.widget.LinearLayout/android.widget.FrameLayout/android.widget.LinearLayout/android.widget.FrameLayout/android.widget.FrameLayout/android.view.ViewGroup/android.view.ViewGroup[1]/android.widget.EditText</msg>
<arg>xpath=/hierarchy/android.widget.FrameLayout/android.widget.LinearLayout/android.widget.FrameLayout/android.widget.LinearLayout/android.widget.FrameLayout/android.widget.FrameLayout/android.view.ViewGroup/android.view.ViewGroup[1]/android.widget.EditText</arg>
<arg>172.30.144.1</arg>
<doc>Types the given `text` into text field identified by `locator`.</doc>
<status status="PASS" start="2024-11-04T16:01:56.841065" elapsed="1.432170"/>
</kw>
<kw name="Input Text" owner="AppiumLibrary">
<msg time="2024-11-04T16:01:58.274235" level="INFO">Typing text '13260933042' into text field 'xpath=/hierarchy/android.widget.FrameLayout/android.widget.LinearLayout/android.widget.FrameLayout/android.widget.LinearLayout/android.widget.FrameLayout/android.widget.FrameLayout/android.view.ViewGroup/android.view.ViewGroup[2]/android.widget.EditText'</msg>
<msg time="2024-11-04T16:01:59.467282" level="INFO">xpath criteria: /hierarchy/android.widget.FrameLayout/android.widget.LinearLayout/android.widget.FrameLayout/android.widget.LinearLayout/android.widget.FrameLayout/android.widget.FrameLayout/android.view.ViewGroup/android.view.ViewGroup[2]/android.widget.EditText</msg>
<arg>xpath=/hierarchy/android.widget.FrameLayout/android.widget.LinearLayout/android.widget.FrameLayout/android.widget.LinearLayout/android.widget.FrameLayout/android.widget.FrameLayout/android.view.ViewGroup/android.view.ViewGroup[2]/android.widget.EditText</arg>
<arg>${cpf}</arg>
<doc>Types the given `text` into text field identified by `locator`.</doc>
<status status="PASS" start="2024-11-04T16:01:58.273235" elapsed="1.194047"/>
</kw>
<kw name="Click Element" owner="AppiumLibrary">
<msg time="2024-11-04T16:01:59.468282" level="INFO">Clicking element 'xpath=/hierarchy/android.widget.FrameLayout/android.widget.LinearLayout/android.widget.FrameLayout/android.widget.LinearLayout/android.widget.FrameLayout/android.widget.FrameLayout/android.view.ViewGroup/android.view.ViewGroup[3]'.</msg>
<msg time="2024-11-04T16:02:00.149799" level="INFO">xpath criteria: /hierarchy/android.widget.FrameLayout/android.widget.LinearLayout/android.widget.FrameLayout/android.widget.LinearLayout/android.widget.FrameLayout/android.widget.FrameLayout/android.view.ViewGroup/android.view.ViewGroup[3]</msg>
<arg>xpath=/hierarchy/android.widget.FrameLayout/android.widget.LinearLayout/android.widget.FrameLayout/android.widget.LinearLayout/android.widget.FrameLayout/android.widget.FrameLayout/android.view.ViewGroup/android.view.ViewGroup[3]</arg>
<doc>Click element identified by `locator`.</doc>
<status status="PASS" start="2024-11-04T16:01:59.467282" elapsed="0.682517"/>
</kw>
<arg>${data}[account][cpf]</arg>
<status status="PASS" start="2024-11-04T16:01:56.841065" elapsed="3.308734"/>
</kw>
<kw name="User Is Logged In" owner="Account">
<kw name="Set Variable" owner="BuiltIn">
<msg time="2024-11-04T16:02:00.150801" level="INFO">${element} = xpath=/hierarchy/android.widget.FrameLayout/android.widget.LinearLayout/android.widget.FrameLayout/android.widget.LinearLayout/android.widget.FrameLayout/android.widget.FrameLayout/android.view.ViewGr...</msg>
<var>${element}</var>
<arg>xpath=/hierarchy/android.widget.FrameLayout/android.widget.LinearLayout/android.widget.FrameLayout/android.widget.LinearLayout/android.widget.FrameLayout/android.widget.FrameLayout/android.view.ViewGroup/android.view.ViewGroup[1]/android.widget.FrameLayout/android.view.ViewGroup/android.view.ViewGroup/android.view.ViewGroup/android.view.ViewGroup/android.widget.FrameLayout/android.view.ViewGroup/android.view.ViewGroup/android.view.ViewGroup/android.view.ViewGroup/android.view.ViewGroup/android.view.ViewGroup/android.widget.TextView[1]</arg>
<doc>Returns the given values which can then be assigned to a variables.</doc>
<status status="PASS" start="2024-11-04T16:02:00.150801" elapsed="0.000000"/>
</kw>
<kw name="Wait Until Element Is Visible" owner="AppiumLibrary">
<msg time="2024-11-04T16:02:01.566434" level="INFO">xpath criteria: /hierarchy/android.widget.FrameLayout/android.widget.LinearLayout/android.widget.FrameLayout/android.widget.LinearLayout/android.widget.FrameLayout/android.widget.FrameLayout/android.view.ViewGroup/android.view.ViewGroup[1]/android.widget.FrameLayout/android.view.ViewGroup/android.view.ViewGroup/android.view.ViewGroup/android.view.ViewGroup/android.widget.FrameLayout/android.view.ViewGroup/android.view.ViewGroup/android.view.ViewGroup/android.view.ViewGroup/android.view.ViewGroup/android.view.ViewGroup/android.widget.TextView[1]
xpath criteria: /hierarchy/android.widget.FrameLayout/android.widget.LinearLayout/android.widget.FrameLayout/android.widget.LinearLayout/android.widget.FrameLayout/android.widget.FrameLayout/android.view.ViewGroup/android.view.ViewGroup[1]/android.widget.FrameLayout/android.view.ViewGroup/android.view.ViewGroup/android.view.ViewGroup/android.view.ViewGroup/android.widget.FrameLayout/android.view.ViewGroup/android.view.ViewGroup/android.view.ViewGroup/android.view.ViewGroup/android.view.ViewGroup/android.view.ViewGroup/android.widget.TextView[1]
xpath criteria: /hierarchy/android.widget.FrameLayout/android.widget.LinearLayout/android.widget.FrameLayout/android.widget.LinearLayout/android.widget.FrameLayout/android.widget.FrameLayout/android.view.ViewGroup/android.view.ViewGroup[1]/android.widget.FrameLayout/android.view.ViewGroup/android.view.ViewGroup/android.view.ViewGroup/android.view.ViewGroup/android.widget.FrameLayout/android.view.ViewGroup/android.view.ViewGroup/android.view.ViewGroup/android.view.ViewGroup/android.view.ViewGroup/android.view.ViewGroup/android.widget.TextView[1]
xpath criteria: /hierarchy/android.widget.FrameLayout/android.widget.LinearLayout/android.widget.FrameLayout/android.widget.LinearLayout/android.widget.FrameLayout/android.widget.FrameLayout/android.view.ViewGroup/android.view.ViewGroup[1]/android.widget.FrameLayout/android.view.ViewGroup/android.view.ViewGroup/android.view.ViewGroup/android.view.ViewGroup/android.widget.FrameLayout/android.view.ViewGroup/android.view.ViewGroup/android.view.ViewGroup/android.view.ViewGroup/android.view.ViewGroup/android.view.ViewGroup/android.widget.TextView[1]</msg>
<arg>${element}</arg>
<arg>timeout=10s</arg>
<doc>Waits until element specified with `locator` is visible.</doc>
<status status="PASS" start="2024-11-04T16:02:00.150801" elapsed="1.415633"/>
</kw>
<kw name="Element Text Should Be" owner="AppiumLibrary">
<msg time="2024-11-04T16:02:01.568432" level="INFO">Verifying element 'xpath=/hierarchy/android.widget.FrameLayout/android.widget.LinearLayout/android.widget.FrameLayout/android.widget.LinearLayout/android.widget.FrameLayout/android.widget.FrameLayout/android.view.ViewGroup/android.view.ViewGroup[1]/android.widget.FrameLayout/android.view.ViewGroup/android.view.ViewGroup/android.view.ViewGroup/android.view.ViewGroup/android.widget.FrameLayout/android.view.ViewGroup/android.view.ViewGroup/android.view.ViewGroup/android.view.ViewGroup/android.view.ViewGroup/android.view.ViewGroup/android.widget.TextView[1]' contains exactly text 'Sua transformação começa aqui!'.</msg>
<msg time="2024-11-04T16:02:01.666655" level="INFO">xpath criteria: /hierarchy/android.widget.FrameLayout/android.widget.LinearLayout/android.widget.FrameLayout/android.widget.LinearLayout/android.widget.FrameLayout/android.widget.FrameLayout/android.view.ViewGroup/android.view.ViewGroup[1]/android.widget.FrameLayout/android.view.ViewGroup/android.view.ViewGroup/android.view.ViewGroup/android.view.ViewGroup/android.widget.FrameLayout/android.view.ViewGroup/android.view.ViewGroup/android.view.ViewGroup/android.view.ViewGroup/android.view.ViewGroup/android.view.ViewGroup/android.widget.TextView[1]</msg>
<arg>${element}</arg>
<arg>Sua transformação começa aqui!</arg>
<doc>Verifies element identified by ``locator`` exactly contains text ``expected``.</doc>
<status status="PASS" start="2024-11-04T16:02:01.567433" elapsed="0.099222"/>
</kw>
<status status="PASS" start="2024-11-04T16:02:00.149799" elapsed="1.516856"/>
</kw>
<kw name="Tap My Body" owner="Menu">
<kw name="Click Element" owner="AppiumLibrary">
<msg time="2024-11-04T16:02:01.667656" level="INFO">Clicking element 'xpath=//android.widget.Button[@content-desc="Meu corpo, tab, 2 of 2"]/android.widget.TextView'.</msg>
<msg time="2024-11-04T16:02:01.848330" level="INFO">xpath criteria: //android.widget.Button[@content-desc="Meu corpo, tab, 2 of 2"]/android.widget.TextView</msg>
<arg>xpath=//android.widget.Button[@content-desc="Meu corpo, tab, 2 of 2"]/android.widget.TextView</arg>
<doc>Click element identified by `locator`.</doc>
<status status="PASS" start="2024-11-04T16:02:01.666655" elapsed="0.181675"/>
</kw>
<status status="PASS" start="2024-11-04T16:02:01.666655" elapsed="0.182207"/>
</kw>
<kw name="Update Measures" owner="MyBody">
<kw name="Wait Until Page Contains" owner="AppiumLibrary">
<arg>Registre ou atualize suas medidas</arg>
<arg>5s</arg>
<doc>Waits until `text` appears on current page.</doc>
<status status="PASS" start="2024-11-04T16:02:01.848862" elapsed="0.737451"/>
</kw>
<kw name="Input Text" owner="AppiumLibrary">
<msg time="2024-11-04T16:02:02.587316" level="INFO">Typing text '80' into text field 'xpath=/hierarchy/android.widget.FrameLayout/android.widget.LinearLayout/android.widget.FrameLayout/android.widget.LinearLayout/android.widget.FrameLayout/android.widget.FrameLayout/android.view.ViewGroup/android.view.ViewGroup[1]/android.widget.FrameLayout/android.view.ViewGroup/android.view.ViewGroup/android.view.ViewGroup/android.view.ViewGroup/android.widget.FrameLayout/android.view.ViewGroup/android.view.ViewGroup/android.view.ViewGroup/android.view.ViewGroup/android.view.ViewGroup/android.view.ViewGroup/android.view.ViewGroup[2]/android.widget.EditText'</msg>
<msg time="2024-11-04T16:02:03.777348" level="INFO">xpath criteria: /hierarchy/android.widget.FrameLayout/android.widget.LinearLayout/android.widget.FrameLayout/android.widget.LinearLayout/android.widget.FrameLayout/android.widget.FrameLayout/android.view.ViewGroup/android.view.ViewGroup[1]/android.widget.FrameLayout/android.view.ViewGroup/android.view.ViewGroup/android.view.ViewGroup/android.view.ViewGroup/android.widget.FrameLayout/android.view.ViewGroup/android.view.ViewGroup/android.view.ViewGroup/android.view.ViewGroup/android.view.ViewGroup/android.view.ViewGroup/android.view.ViewGroup[2]/android.widget.EditText</msg>
<arg>xpath=/hierarchy/android.widget.FrameLayout/android.widget.LinearLayout/android.widget.FrameLayout/android.widget.LinearLayout/android.widget.FrameLayout/android.widget.FrameLayout/android.view.ViewGroup/android.view.ViewGroup[1]/android.widget.FrameLayout/android.view.ViewGroup/android.view.ViewGroup/android.view.ViewGroup/android.view.ViewGroup/android.widget.FrameLayout/android.view.ViewGroup/android.view.ViewGroup/android.view.ViewGroup/android.view.ViewGroup/android.view.ViewGroup/android.view.ViewGroup/android.view.ViewGroup[2]/android.widget.EditText</arg>
<arg>${account}[height]</arg>
<doc>Types the given `text` into text field identified by `locator`.</doc>
<status status="PASS" start="2024-11-04T16:02:02.586313" elapsed="1.191035"/>
</kw>
<kw name="Input Text" owner="AppiumLibrary">
<msg time="2024-11-04T16:02:03.778349" level="INFO">Typing text '190' into text field 'xpath=/hierarchy/android.widget.FrameLayout/android.widget.LinearLayout/android.widget.FrameLayout/android.widget.LinearLayout/android.widget.FrameLayout/android.widget.FrameLayout/android.view.ViewGroup/android.view.ViewGroup[1]/android.widget.FrameLayout/android.view.ViewGroup/android.view.ViewGroup/android.view.ViewGroup/android.view.ViewGroup/android.widget.FrameLayout/android.view.ViewGroup/android.view.ViewGroup/android.view.ViewGroup/android.view.ViewGroup/android.view.ViewGroup/android.view.ViewGroup/android.view.ViewGroup[3]/android.widget.EditText'</msg>
<msg time="2024-11-04T16:02:04.851462" level="INFO">xpath criteria: /hierarchy/android.widget.FrameLayout/android.widget.LinearLayout/android.widget.FrameLayout/android.widget.LinearLayout/android.widget.FrameLayout/android.widget.FrameLayout/android.view.ViewGroup/android.view.ViewGroup[1]/android.widget.FrameLayout/android.view.ViewGroup/android.view.ViewGroup/android.view.ViewGroup/android.view.ViewGroup/android.widget.FrameLayout/android.view.ViewGroup/android.view.ViewGroup/android.view.ViewGroup/android.view.ViewGroup/android.view.ViewGroup/android.view.ViewGroup/android.view.ViewGroup[3]/android.widget.EditText</msg>
<arg>xpath=/hierarchy/android.widget.FrameLayout/android.widget.LinearLayout/android.widget.FrameLayout/android.widget.LinearLayout/android.widget.FrameLayout/android.widget.FrameLayout/android.view.ViewGroup/android.view.ViewGroup[1]/android.widget.FrameLayout/android.view.ViewGroup/android.view.ViewGroup/android.view.ViewGroup/android.view.ViewGroup/android.widget.FrameLayout/android.view.ViewGroup/android.view.ViewGroup/android.view.ViewGroup/android.view.ViewGroup/android.view.ViewGroup/android.view.ViewGroup/android.view.ViewGroup[3]/android.widget.EditText</arg>
<arg>${account}[weight]</arg>
<doc>Types the given `text` into text field identified by `locator`.</doc>
<status status="PASS" start="2024-11-04T16:02:03.777348" elapsed="1.074114"/>
</kw>
<kw name="Click Element" owner="AppiumLibrary">
<msg time="2024-11-04T16:02:04.852462" level="INFO">Clicking element 'xpath=/hierarchy/android.widget.FrameLayout/android.widget.LinearLayout/android.widget.FrameLayout/android.widget.LinearLayout/android.widget.FrameLayout/android.widget.FrameLayout/android.view.ViewGroup/android.view.ViewGroup[1]/android.widget.FrameLayout/android.view.ViewGroup/android.view.ViewGroup/android.view.ViewGroup/android.view.ViewGroup/android.widget.FrameLayout/android.view.ViewGroup/android.view.ViewGroup/android.view.ViewGroup/android.view.ViewGroup/android.view.ViewGroup/android.view.ViewGroup/android.view.ViewGroup[4]/android.widget.TextView'.</msg>
<msg time="2024-11-04T16:02:05.467450" level="INFO">xpath criteria: /hierarchy/android.widget.FrameLayout/android.widget.LinearLayout/android.widget.FrameLayout/android.widget.LinearLayout/android.widget.FrameLayout/android.widget.FrameLayout/android.view.ViewGroup/android.view.ViewGroup[1]/android.widget.FrameLayout/android.view.ViewGroup/android.view.ViewGroup/android.view.ViewGroup/android.view.ViewGroup/android.widget.FrameLayout/android.view.ViewGroup/android.view.ViewGroup/android.view.ViewGroup/android.view.ViewGroup/android.view.ViewGroup/android.view.ViewGroup/android.view.ViewGroup[4]/android.widget.TextView</msg>
<arg>xpath=/hierarchy/android.widget.FrameLayout/android.widget.LinearLayout/android.widget.FrameLayout/android.widget.LinearLayout/android.widget.FrameLayout/android.widget.FrameLayout/android.view.ViewGroup/android.view.ViewGroup[1]/android.widget.FrameLayout/android.view.ViewGroup/android.view.ViewGroup/android.view.ViewGroup/android.view.ViewGroup/android.widget.FrameLayout/android.view.ViewGroup/android.view.ViewGroup/android.view.ViewGroup/android.view.ViewGroup/android.view.ViewGroup/android.view.ViewGroup/android.view.ViewGroup[4]/android.widget.TextView</arg>
<doc>Click element identified by `locator`.</doc>
<status status="PASS" start="2024-11-04T16:02:04.851462" elapsed="0.615988"/>
</kw>
<arg>${data}[account]</arg>
<status status="PASS" start="2024-11-04T16:02:01.848862" elapsed="3.618588"/>
</kw>
<kw name="Popup Should Have Text" owner="Popup">
<kw name="Set Variable" owner="BuiltIn">
<msg time="2024-11-04T16:02:05.468444" level="INFO">${element} = xpath=/hierarchy/android.widget.FrameLayout/android.widget.FrameLayout/android.widget.FrameLayout/android.widget.LinearLayout/android.widget.FrameLayout/android.widget.ScrollView/android.widget.Linear...</msg>
<var>${element}</var>
<arg>xpath=/hierarchy/android.widget.FrameLayout/android.widget.FrameLayout/android.widget.FrameLayout/android.widget.LinearLayout/android.widget.FrameLayout/android.widget.ScrollView/android.widget.LinearLayout/android.widget.TextView</arg>
<doc>Returns the given values which can then be assigned to a variables.</doc>
<status status="PASS" start="2024-11-04T16:02:05.468444" elapsed="0.000000"/>
</kw>
<kw name="Wait Until Element Is Visible" owner="AppiumLibrary">
<msg time="2024-11-04T16:02:06.569894" level="INFO">xpath criteria: /hierarchy/android.widget.FrameLayout/android.widget.FrameLayout/android.widget.FrameLayout/android.widget.LinearLayout/android.widget.FrameLayout/android.widget.ScrollView/android.widget.LinearLayout/android.widget.TextView
xpath criteria: /hierarchy/android.widget.FrameLayout/android.widget.FrameLayout/android.widget.FrameLayout/android.widget.LinearLayout/android.widget.FrameLayout/android.widget.ScrollView/android.widget.LinearLayout/android.widget.TextView</msg>
<arg>${element}</arg>
<doc>Waits until element specified with `locator` is visible.</doc>
<status status="PASS" start="2024-11-04T16:02:05.468444" elapsed="1.101450"/>
</kw>
<kw name="Element Text Should Be" owner="AppiumLibrary">
<msg time="2024-11-04T16:02:06.570890" level="INFO">Verifying element 'xpath=/hierarchy/android.widget.FrameLayout/android.widget.FrameLayout/android.widget.FrameLayout/android.widget.LinearLayout/android.widget.FrameLayout/android.widget.ScrollView/android.widget.LinearLayout/android.widget.TextView' contains exactly text 'Seu cadastro foi atualizado com sucesso'.</msg>
<msg time="2024-11-04T16:02:06.625324" level="INFO">xpath criteria: /hierarchy/android.widget.FrameLayout/android.widget.FrameLayout/android.widget.FrameLayout/android.widget.LinearLayout/android.widget.FrameLayout/android.widget.ScrollView/android.widget.LinearLayout/android.widget.TextView</msg>
<arg>${element}</arg>
<arg>${text}</arg>
<doc>Verifies element identified by ``locator`` exactly contains text ``expected``.</doc>
<status status="PASS" start="2024-11-04T16:02:06.569894" elapsed="0.055430"/>
</kw>
<arg>Seu cadastro foi atualizado com sucesso</arg>
<status status="PASS" start="2024-11-04T16:02:05.468444" elapsed="1.156880"/>
</kw>
<kw name="Get User Token" owner="Service">
<kw name="Create Dictionary" owner="BuiltIn">
<msg time="2024-11-04T16:02:06.626325" level="INFO">${payload} = {'email': 'sac@smartbit.com', 'password': 'pwd123'}</msg>
<var>${payload}</var>
<arg>email=sac@smartbit.com</arg>
<arg>password=pwd123</arg>
<doc>Creates and returns a dictionary based on the given ``items``.</doc>
<status status="PASS" start="2024-11-04T16:02:06.626325" elapsed="0.000000"/>
</kw>
<kw name="POST" owner="RequestsLibrary">
<msg time="2024-11-04T16:02:06.691609" level="INFO">POST Request : url=http://localhost:3333/sessions 
 path_url=/sessions 
 headers={'User-Agent': 'python-requests/2.32.3', 'Accept-Encoding': 'gzip, deflate', 'Accept': '*/*', 'Connection': 'keep-alive', 'Content-Length': '51', 'Content-Type': 'application/json'} 
 body=b'{"email": "sac@smartbit.com", "password": "pwd123"}' 
 </msg>
<msg time="2024-11-04T16:02:06.691609" level="INFO">POST Response : url=http://localhost:3333/sessions 
 status=200, reason=OK 
 headers={'X-DNS-Prefetch-Control': 'off', 'X-Frame-Options': 'SAMEORIGIN', 'Strict-Transport-Security': 'max-age=15552000; includeSubDomains', 'X-Download-Options': 'noopen', 'X-Content-Type-Options': 'nosniff', 'X-XSS-Protection': '1; mode=block', 'Access-Control-Allow-Origin': 'http://localhost:3000', 'Vary': 'Origin', 'Content-Type': 'application/json; charset=utf-8', 'Content-Length': '213', 'ETag': 'W/"d5-eYZyC94ag00r1dDW9nZSMTk+wzk"', 'Date': 'Mon, 04 Nov 2024 19:02:06 GMT', 'Connection': 'keep-alive', 'Keep-Alive': 'timeout=5'} 
 body={"user":{"id":1,"name":"Atendimento","email":"sac@smartbit.com"},"token":"eyJhbGciOiJIUzI1NiIsInR5cCI6IkpXVCJ9.eyJpZCI6MSwiaWF0IjoxNzMwNzQ2OTI2LCJleHAiOjE3MzEzNTE3MjZ9.3z91BdwBMQ6uv0YsDV_DYSkBDpbb8jV7kYcektOPQP4"} 
 </msg>
<msg time="2024-11-04T16:02:06.692610" level="INFO">${response} = &lt;Response [200]&gt;</msg>
<var>${response}</var>
<arg>url=http://localhost:3333/sessions</arg>
<arg>json=${payload}</arg>
<doc>Sends a POST request.</doc>
<status status="PASS" start="2024-11-04T16:02:06.626325" elapsed="0.066285"/>
</kw>
<kw name="Set Variable" owner="BuiltIn">
<msg time="2024-11-04T16:02:06.692610" level="INFO">${token} = Bearer eyJhbGciOiJIUzI1NiIsInR5cCI6IkpXVCJ9.eyJpZCI6MSwiaWF0IjoxNzMwNzQ2OTI2LCJleHAiOjE3MzEzNTE3MjZ9.3z91BdwBMQ6uv0YsDV_DYSkBDpbb8jV7kYcektOPQP4</msg>
<var>${token}</var>
<arg>Bearer ${response.json()}[token]</arg>
<doc>Returns the given values which can then be assigned to a variables.</doc>
<status status="PASS" start="2024-11-04T16:02:06.692610" elapsed="0.000000"/>
</kw>
<kw name="Set Suite Variable" owner="BuiltIn">
<msg time="2024-11-04T16:02:06.692610" level="INFO">${token} = Bearer eyJhbGciOiJIUzI1NiIsInR5cCI6IkpXVCJ9.eyJpZCI6MSwiaWF0IjoxNzMwNzQ2OTI2LCJleHAiOjE3MzEzNTE3MjZ9.3z91BdwBMQ6uv0YsDV_DYSkBDpbb8jV7kYcektOPQP4</msg>
<arg>${token}</arg>
<doc>Makes a variable available everywhere within the scope of the current suite.</doc>
<status status="PASS" start="2024-11-04T16:02:06.692610" elapsed="0.000000"/>
</kw>
<status status="PASS" start="2024-11-04T16:02:06.625324" elapsed="0.068285"/>
</kw>
<kw name="Get Account By Name" owner="Service">
<kw name="Create Dictionary" owner="BuiltIn">
<msg time="2024-11-04T16:02:06.693609" level="INFO">${headers} = {'Authorization': 'Bearer eyJhbGciOiJIUzI1NiIsInR5cCI6IkpXVCJ9.eyJpZCI6MSwiaWF0IjoxNzMwNzQ2OTI2LCJleHAiOjE3MzEzNTE3MjZ9.3z91BdwBMQ6uv0YsDV_DYSkBDpbb8jV7kYcektOPQP4'}</msg>
<var>${headers}</var>
<arg>Authorization=${token}</arg>
<doc>Creates and returns a dictionary based on the given ``items``.</doc>
<status status="PASS" start="2024-11-04T16:02:06.693609" elapsed="0.000000"/>
</kw>
<kw name="Create Dictionary" owner="BuiltIn">
<msg time="2024-11-04T16:02:06.693609" level="INFO">${params} = {'name': 'Dominic Toreto'}</msg>
<var>${params}</var>
<arg>name=${name}</arg>
<doc>Creates and returns a dictionary based on the given ``items``.</doc>
<status status="PASS" start="2024-11-04T16:02:06.693609" elapsed="0.000000"/>
</kw>
<kw name="GET" owner="RequestsLibrary">
<msg time="2024-11-04T16:02:06.721190" level="INFO">GET Request : url=http://localhost:3333/accounts?name=Dominic+Toreto 
 path_url=/accounts?name=Dominic+Toreto 
 headers={'User-Agent': 'python-requests/2.32.3', 'Accept-Encoding': 'gzip, deflate', 'Accept': '*/*', 'Connection': 'keep-alive', 'Authorization': 'Bearer eyJhbGciOiJIUzI1NiIsInR5cCI6IkpXVCJ9.eyJpZCI6MSwiaWF0IjoxNzMwNzQ2OTI2LCJleHAiOjE3MzEzNTE3MjZ9.3z91BdwBMQ6uv0YsDV_DYSkBDpbb8jV7kYcektOPQP4'} 
 body=None 
 </msg>
<msg time="2024-11-04T16:02:06.722190" level="INFO">GET Response : url=http://localhost:3333/accounts?name=Dominic+Toreto 
 status=200, reason=OK 
 headers={'X-DNS-Prefetch-Control': 'off', 'X-Frame-Options': 'SAMEORIGIN', 'Strict-Transport-Security': 'max-age=15552000; includeSubDomains', 'X-Download-Options': 'noopen', 'X-Content-Type-Options': 'nosniff', 'X-XSS-Protection': '1; mode=block', 'Access-Control-Allow-Origin': 'http://localhost:3000', 'Vary': 'Origin', 'Content-Type': 'application/json; charset=utf-8', 'Content-Length': '227', 'ETag': 'W/"e3-+HBfoAtutfARL9Dd2NDF3gOMzNI"', 'Date': 'Mon, 04 Nov 2024 19:02:06 GMT', 'Connection': 'keep-alive', 'Keep-Alive': 'timeout=5'} 
 body={"data":[{"imc":22.2,"id":52,"name":"Dominic Toreto","email":"dominic.toreto@test.com","cpf":"13260933042","weight":"80.00","height":190,"createdAt":"2024-11-03T15:22:04.055Z","updatedAt":"2024-11-04T19:02:05.472Z"}],"total":1} 
 </msg>
<msg time="2024-11-04T16:02:06.722190" level="INFO">${response} = &lt;Response [200]&gt;</msg>
<var>${response}</var>
<arg>url=http://localhost:3333/accounts</arg>
<arg>params=${params}</arg>
<arg>headers=${headers}</arg>
<doc>Sends a GET request.</doc>
<status status="PASS" start="2024-11-04T16:02:06.693609" elapsed="0.028581"/>
</kw>
<return>
<value>${response.json()}[data][0]</value>
<status status="PASS" start="2024-11-04T16:02:06.722190" elapsed="0.000000"/>
</return>
<msg time="2024-11-04T16:02:06.722190" level="INFO">${account} = {'imc': 22.2, 'id': 52, 'name': 'Dominic Toreto', 'email': 'dominic.toreto@test.com', 'cpf': '13260933042', 'weight': '80.00', 'height': 190, 'createdAt': '2024-11-03T15:22:04.055Z', 'updatedAt': '202...</msg>
<var>${account}</var>
<arg>${data}[account][name]</arg>
<status status="PASS" start="2024-11-04T16:02:06.693609" elapsed="0.028581"/>
</kw>
<kw name="Should Be Equal" owner="BuiltIn">
<msg time="2024-11-04T16:02:06.723189" level="FAIL">80.00 != 190</msg>
<arg>${account}[weight]</arg>
<arg>${data}[account][weight]</arg>
<doc>Fails if the given objects are unequal.</doc>
<status status="FAIL" start="2024-11-04T16:02:06.723189" elapsed="0.000000">80.00 != 190</status>
</kw>
<kw name="Should Be Equal" owner="BuiltIn">
<arg>${account}[height]</arg>
<arg>${data}[account][height]</arg>
<doc>Fails if the given objects are unequal.</doc>
<status status="NOT RUN" start="2024-11-04T16:02:06.723189" elapsed="0.000000"/>
</kw>
<kw name="Finish Session" owner="Base" type="TEARDOWN">
<kw name="Capture Page Screenshot" owner="AppiumLibrary">
<kw name="Capture Page Screenshot" owner="AppiumLibrary">
<msg time="2024-11-04T16:02:07.257552" level="FAIL">WebDriverException: Message: An unknown server-side error occurred while processing the command. Original error: 'GET /screenshot' cannot be proxied to UiAutomator2 server because the instrumentation process is not running (probably crashed). Check the server log and/or the logcat output for more details
Stacktrace:
UnknownError: An unknown server-side error occurred while processing the command. Original error: 'GET /screenshot' cannot be proxied to UiAutomator2 server because the instrumentation process is not running (probably crashed). Check the server log and/or the logcat output for more details
    at UIA2Proxy.command (C:\Coding\robotframework-qax\mobile\node_modules\appium-uiautomator2-driver\node_modules\@appium\base-driver\lib\jsonwp-proxy\proxy.js:350:13)
    at processTicksAndRejections (node:internal/process/task_queues:95:5)
    at AndroidUiautomator2Driver.getScreenshot (C:\Coding\robotframework-qax\mobile\node_modules\appium-uiautomator2-driver\lib\commands\screenshot.js:42:5)</msg>
<doc>Takes a screenshot of the current page and embeds it into the log.</doc>
<status status="FAIL" start="2024-11-04T16:02:07.247792" elapsed="0.033720">WebDriverException: Message: An unknown server-side error occurred while processing the command. Original error: 'GET /screenshot' cannot be proxied to UiAutomator2 server because the instrumentation process is not running (probably crashed). Check the server log and/or the logcat output for more details
Stacktrace:
UnknownError: An unknown server-side error occurred while processing the command. Original error: 'GET /screenshot' cannot be proxied to UiAutomator2 server because the instrumentation process is not running (probably crashed). Check the server log and/or the logcat output for more details
    at UIA2Proxy.command (C:\Coding\robotframework-qax\mobile\node_modules\appium-uiautomator2-driver\node_modules\@appium\base-driver\lib\jsonwp-proxy\proxy.js:350:13)
    at processTicksAndRejections (node:internal/process/task_queues:95:5)
    at AndroidUiautomator2Driver.getScreenshot (C:\Coding\robotframework-qax\mobile\node_modules\appium-uiautomator2-driver\lib\commands\screenshot.js:42:5)</status>
</kw>
<msg time="2024-11-04T16:02:07.282514" level="WARN">Keyword 'Capture Page Screenshot' could not be run on failure: WebDriverException: Message: An unknown server-side error occurred while processing the command. Original error: 'GET /screenshot' cannot be proxied to UiAutomator2 server because the instrumentation process is not running (probably crashed). Check the server log and/or the logcat output for more details
Stacktrace:
UnknownError: An unknown server-side error occurred while processing the command. Original error: 'GET /screenshot' cannot be proxied to UiAutomator2 server because the instrumentation process is not running (probably crashed). Check the server log and/or the logcat output for more details
    at UIA2Proxy.command (C:\Coding\robotframework-qax\mobile\node_modules\appium-uiautomator2-driver\node_modules\@appium\base-driver\lib\jsonwp-proxy\proxy.js:350:13)
    at processTicksAndRejections (node:internal/process/task_queues:95:5)
    at AndroidUiautomator2Driver.getScreenshot (C:\Coding\robotframework-qax\mobile\node_modules\appium-uiautomator2-driver\lib\commands\screenshot.js:42:5)</msg>
<msg time="2024-11-04T16:02:07.283512" level="FAIL">WebDriverException: Message: An unknown server-side error occurred while processing the command. Original error: Could not proxy command to the remote server. Original error: socket hang up
Stacktrace:
UnknownError: An unknown server-side error occurred while processing the command. Original error: Could not proxy command to the remote server. Original error: socket hang up
    at UIA2Proxy.command (C:\Coding\robotframework-qax\mobile\node_modules\appium-uiautomator2-driver\node_modules\@appium\base-driver\lib\jsonwp-proxy\proxy.js:350:13)
    at processTicksAndRejections (node:internal/process/task_queues:95:5)
    at AndroidUiautomator2Driver.getScreenshot (C:\Coding\robotframework-qax\mobile\node_modules\appium-uiautomator2-driver\lib\commands\screenshot.js:42:5)</msg>
<doc>Takes a screenshot of the current page and embeds it into the log.</doc>
<status status="FAIL" start="2024-11-04T16:02:06.724188" elapsed="0.560324">WebDriverException: Message: An unknown server-side error occurred while processing the command. Original error: Could not proxy command to the remote server. Original error: socket hang up
Stacktrace:
UnknownError: An unknown server-side error occurred while processing the command. Original error: Could not proxy command to the remote server. Original error: socket hang up
    at UIA2Proxy.command (C:\Coding\robotframework-qax\mobile\node_modules\appium-uiautomator2-driver\node_modules\@appium\base-driver\lib\jsonwp-proxy\proxy.js:350:13)
    at processTicksAndRejections (node:internal/process/task_queues:95:5)
    at AndroidUiautomator2Driver.getScreenshot (C:\Coding\robotframework-qax\mobile\node_modules\appium-uiautomator2-driver\lib\commands\screenshot.js:42:5)</status>
</kw>
<kw name="Close Application" owner="AppiumLibrary">
<kw name="Capture Page Screenshot" owner="AppiumLibrary">
<msg time="2024-11-04T16:02:09.623504" level="FAIL">InvalidSessionIdException: Message: A session is either terminated or not started
Stacktrace:
NoSuchDriverError: A session is either terminated or not started
    at asyncHandler (C:\Coding\robotframework-qax\mobile\node_modules\@appium\base-driver\lib\protocol\protocol.js:309:15)
    at C:\Coding\robotframework-qax\mobile\node_modules\@appium\base-driver\lib\protocol\protocol.js:512:15
    at Layer.handle [as handle_request] (C:\Coding\robotframework-qax\mobile\node_modules\express\lib\router\layer.js:95:5)
    at next (C:\Coding\robotframework-qax\mobile\node_modules\express\lib\router\route.js:149:13)
    at Route.dispatch (C:\Coding\robotframework-qax\mobile\node_modules\express\lib\router\route.js:119:3)
    at Layer.handle [as handle_request] (C:\Coding\robotframework-qax\mobile\node_modules\express\lib\router\layer.js:95:5)
    at C:\Coding\robotframework-qax\mobile\node_modules\express\lib\router\index.js:284:15
    at param (C:\Coding\robotframework-qax\mobile\node_modules\express\lib\router\index.js:365:14)
    at param (C:\Coding\robotframework-qax\mobile\node_modules\express\lib\router\index.js:376:14)
    at Function.process_params (C:\Coding\robotframework-qax\mobile\node_modules\express\lib\router\index.js:421:3)
    at next (C:\Coding\robotframework-qax\mobile\node_modules\express\lib\router\index.js:280:10)
    at logger (C:\Coding\robotframework-qax\mobile\node_modules\morgan\index.js:144:5)
    at Layer.handle [as handle_request] (C:\Coding\robotframework-qax\mobile\node_modules\express\lib\router\layer.js:95:5)
    at trim_prefix (C:\Coding\robotframework-qax\mobile\node_modules\express\lib\router\index.js:328:13)
    at C:\Coding\robotframework-qax\mobile\node_modules\express\lib\router\index.js:286:9
    at Function.process_params (C:\Coding\robotframework-qax\mobile\node_modules\express\lib\router\index.js:346:12)
    at next (C:\Coding\robotframework-qax\mobile\node_modules\express\lib\router\index.js:280:10)
    at jsonParser (C:\Coding\robotframework-qax\mobile\node_modules\body-parser\lib\types\json.js:113:7)
    at Layer.handle [as handle_request] (C:\Coding\robotframework-qax\mobile\node_modules\express\lib\router\layer.js:95:5)
    at trim_prefix (C:\Coding\robotframework-qax\mobile\node_modules\express\lib\router\index.js:328:13)
    at C:\Coding\robotframework-qax\mobile\node_modules\express\lib\router\index.js:286:9
    at Function.process_params (C:\Coding\robotframework-qax\mobile\node_modules\express\lib\router\index.js:346:12)</msg>
<doc>Takes a screenshot of the current page and embeds it into the log.</doc>
<status status="FAIL" start="2024-11-04T16:02:07.572651" elapsed="2.056922">InvalidSessionIdException: Message: A session is either terminated or not started
Stacktrace:
NoSuchDriverError: A session is either terminated or not started
    at asyncHandler (C:\Coding\robotframework-qax\mobile\node_modules\@appium\base-driver\lib\protocol\protocol.js:309:15)
    at C:\Coding\robotframework-qax\mobile\node_modules\@appium\base-driver\lib\protocol\protocol.js:512:15
    at Layer.handle [as handle_request] (C:\Coding\robotframework-qax\mobile\node_modules\express\lib\router\layer.js:95:5)
    at next (C:\Coding\robotframework-qax\mobile\node_modules\express\lib\router\route.js:149:13)
    at Route.dispatch (C:\Coding\robotframework-qax\mobile\node_modules\express\lib\router\route.js:119:3)
    at Layer.handle [as handle_request] (C:\Coding\robotframework-qax\mobile\node_modules\express\lib\router\layer.js:95:5)
    at C:\Coding\robotframework-qax\mobile\node_modules\express\lib\router\index.js:284:15
    at param (C:\Coding\robotframework-qax\mobile\node_modules\express\lib\router\index.js:365:14)
    [ Message content over the limit has been removed. ]
    at Layer.handle [as handle_request] (C:\Coding\robotframework-qax\mobile\node_modules\express\lib\router\layer.js:95:5)
    at trim_prefix (C:\Coding\robotframework-qax\mobile\node_modules\express\lib\router\index.js:328:13)
    at C:\Coding\robotframework-qax\mobile\node_modules\express\lib\router\index.js:286:9
    at Function.process_params (C:\Coding\robotframework-qax\mobile\node_modules\express\lib\router\index.js:346:12)
    at next (C:\Coding\robotframework-qax\mobile\node_modules\express\lib\router\index.js:280:10)
    at jsonParser (C:\Coding\robotframework-qax\mobile\node_modules\body-parser\lib\types\json.js:113:7)
    at Layer.handle [as handle_request] (C:\Coding\robotframework-qax\mobile\node_modules\express\lib\router\layer.js:95:5)
    at trim_prefix (C:\Coding\robotframework-qax\mobile\node_modules\express\lib\router\index.js:328:13)
    at C:\Coding\robotframework-qax\mobile\node_modules\express\lib\router\index.js:286:9
    at Function.process_params (C:\Coding\robotframework-qax\mobile\node_modules\express\lib\router\index.js:346:12)</status>
</kw>
<msg time="2024-11-04T16:02:09.630580" level="WARN">Keyword 'Capture Page Screenshot' could not be run on failure: InvalidSessionIdException: Message: A session is either terminated or not started
Stacktrace:
NoSuchDriverError: A session is either terminated or not started
    at asyncHandler (C:\Coding\robotframework-qax\mobile\node_modules\@appium\base-driver\lib\protocol\protocol.js:309:15)
    at C:\Coding\robotframework-qax\mobile\node_modules\@appium\base-driver\lib\protocol\protocol.js:512:15
    at Layer.handle [as handle_request] (C:\Coding\robotframework-qax\mobile\node_modules\express\lib\router\layer.js:95:5)
    at next (C:\Coding\robotframework-qax\mobile\node_modules\express\lib\router\route.js:149:13)
    at Route.dispatch (C:\Coding\robotframework-qax\mobile\node_modules\express\lib\router\route.js:119:3)
    at Layer.handle [as handle_request] (C:\Coding\robotframework-qax\mobile\node_modules\express\lib\router\layer.js:95:5)
    at C:\Coding\robotframework-qax\mobile\node_modules\express\lib\router\index.js:284:15
    at param (C:\Coding\robotframework-qax\mobile\node_modules\express\lib\router\index.js:365:14)
    [ Message content over the limit has been removed. ]
    at Layer.handle [as handle_request] (C:\Coding\robotframework-qax\mobile\node_modules\express\lib\router\layer.js:95:5)
    at trim_prefix (C:\Coding\robotframework-qax\mobile\node_modules\express\lib\router\index.js:328:13)
    at C:\Coding\robotframework-qax\mobile\node_modules\express\lib\router\index.js:286:9
    at Function.process_params (C:\Coding\robotframework-qax\mobile\node_modules\express\lib\router\index.js:346:12)
    at next (C:\Coding\robotframework-qax\mobile\node_modules\express\lib\router\index.js:280:10)
    at jsonParser (C:\Coding\robotframework-qax\mobile\node_modules\body-parser\lib\types\json.js:113:7)
    at Layer.handle [as handle_request] (C:\Coding\robotframework-qax\mobile\node_modules\express\lib\router\layer.js:95:5)
    at trim_prefix (C:\Coding\robotframework-qax\mobile\node_modules\express\lib\router\index.js:328:13)
    at C:\Coding\robotframework-qax\mobile\node_modules\express\lib\router\index.js:286:9
    at Function.process_params (C:\Coding\robotframework-qax\mobile\node_modules\express\lib\router\index.js:346:12)</msg>
<msg time="2024-11-04T16:02:09.632545" level="FAIL">WebDriverException: Message: An unknown server-side error occurred while processing the command. Original error: Error executing adbExec. Original error: 'Command 'C:\\Users\\dutra\\AppData\\Local\\Android\\Sdk\\platform-tools\\adb.exe -P 5037 -s emulator-5554 shell 'settings delete global hidden_api_policy_pre_p_apps;settings delete global hidden_api_policy_p_apps;settings delete global hidden_api_policy'' exited with code 1'; Command output: adb.exe: device still authorizing

Stacktrace:
UnknownError: An unknown server-side error occurred while processing the command. Original error: Error executing adbExec. Original error: 'Command 'C:\\Users\\dutra\\AppData\\Local\\Android\\Sdk\\platform-tools\\adb.exe -P 5037 -s emulator-5554 shell 'settings delete global hidden_api_policy_pre_p_apps;settings delete global hidden_api_policy_p_apps;settings delete global hidden_api_policy'' exited with code 1'; Command output: adb.exe: device still authorizing

    at getResponseForW3CError (C:\Coding\robotframework-qax\mobile\node_modules\@appium\base-driver\lib\protocol\errors.js:1145:9)
    at asyncHandler (C:\Coding\robotframework-qax\mobile\node_modules\@appium\base-driver\lib\protocol\protocol.js:485:57)</msg>
<doc>Closes the current application and also close webdriver session.</doc>
<status status="FAIL" start="2024-11-04T16:02:07.284512" elapsed="2.349031">WebDriverException: Message: An unknown server-side error occurred while processing the command. Original error: Error executing adbExec. Original error: 'Command 'C:\\Users\\dutra\\AppData\\Local\\Android\\Sdk\\platform-tools\\adb.exe -P 5037 -s emulator-5554 shell 'settings delete global hidden_api_policy_pre_p_apps;settings delete global hidden_api_policy_p_apps;settings delete global hidden_api_policy'' exited with code 1'; Command output: adb.exe: device still authorizing

Stacktrace:
UnknownError: An unknown server-side error occurred while processing the command. Original error: Error executing adbExec. Original error: 'Command 'C:\\Users\\dutra\\AppData\\Local\\Android\\Sdk\\platform-tools\\adb.exe -P 5037 -s emulator-5554 shell 'settings delete global hidden_api_policy_pre_p_apps;settings delete global hidden_api_policy_p_apps;settings delete global hidden_api_policy'' exited with code 1'; Command output: adb.exe: device still authorizing

    at getResponseForW3CError (C:\Coding\robotframework-qax\mobile\node_modules\@appium\base-driver\lib\protocol\errors.js:1145:9)
    at asyncHandler (C:\Coding\robotframework-qax\mobile\node_modules\@appium\base-driver\lib\protocol\protocol.js:485:57)</status>
</kw>
<status status="FAIL" start="2024-11-04T16:02:06.723189" elapsed="2.910354">Several failures occurred:

1) WebDriverException: Message: An unknown server-side error occurred while processing the command. Original error: Could not proxy command to the remote server. Original error: socket hang up
Stacktrace:
UnknownError: An unknown server-side error occurred while processing the command. Original error: Could not proxy command to the remote server. Original error: socket hang up
    at UIA2Proxy.command (C:\Coding\robotframework-qax\mobile\node_modules\appium-uiautomator2-driver\node_modules\@appium\base-driver\lib\jsonwp-proxy\proxy.js:350:13)
    at processTicksAndRejections (node:internal/process/task_queues:95:5)
    at AndroidUiautomator2Driver.getScreenshot (C:\Coding\robotframework-qax\mobile\node_modules\appium-uiautomator2-driver\lib\commands\screenshot.js:42:5)

2) WebDriverException: Message: An unknown server-side error occurred while processing the command. Original error: Error executing adbExec. Original error: 'Command 'C:\\Users\\dutra\\AppData\\Local\\Android\\Sdk\\platform-tools\\adb.exe -P 5037 -s emulator-5554 shell 'settings delete global hidden_api_policy_pre_p_apps;settings delete global hidden_api_policy_p_apps;settings delete global hidden_api_policy'' exited with code 1'; Command output: adb.exe: device still authorizing

Stacktrace:
UnknownError: An unknown server-side error occurred while processing the command. Original error: Error executing adbExec. Original error: 'Command 'C:\\Users\\dutra\\AppData\\Local\\Android\\Sdk\\platform-tools\\adb.exe -P 5037 -s emulator-5554 shell 'settings delete global hidden_api_policy_pre_p_apps;settings delete global hidden_api_policy_p_apps;settings delete global hidden_api_policy'' exited with code 1'; Command output: adb.exe: device still authorizing

    at getResponseForW3CError (C:\Coding\robotframework-qax\mobile\node_modules\@appium\base-driver\lib\protocol\errors.js:1145:9)
    at asyncHandler (C:\Coding\robotframework-qax\mobile\node_modules\@appium\base-driver\lib\protocol\protocol.js:485:57)</status>
</kw>
<status status="FAIL" start="2024-11-04T16:01:42.602240" elapsed="27.031303">80.00 != 190

Also teardown failed:
Several failures occurred:

1) WebDriverException: Message: An unknown server-side error occurred while processing the command. Original error: Could not proxy command to the remote server. Original error: socket hang up
Stacktrace:
UnknownError: An unknown server-side error occurred while processing the command. Original error: Could not proxy command to the remote server. Original error: socket hang up
    at UIA2Proxy.command (C:\Coding\robotframework-qax\mobile\node_modules\appium-uiautomator2-driver\node_modules\@appium\base-driver\lib\jsonwp-proxy\proxy.js:350:13)
    at processTicksAndRejections (node:internal/process/task_queues:95:5)
    at AndroidUiautomator2Driver.getScreenshot (C:\Coding\robotframework-qax\mobile\node_modules\appium-uiautomator2-driver\lib\commands\screenshot.js:42:5)

2) WebDriverException: Message: An unknown server-side error occurred while processing the command. Original error: Error executing adbExec. Original error: 'Command 'C:\\Users\\dutra\\AppData\\Local\\Android\\Sdk\\platform-tools\\adb.exe -P 5037 -s emulator-5554 shell 'settings delete global hidden_api_policy_pre_p_apps;settings delete global hidden_api_policy_p_apps;settings delete global hidden_api_policy'' exited with code 1'; Command output: adb.exe: device still authorizing

Stacktrace:
UnknownError: An unknown server-side error occurred while processing the command. Original error: Error executing adbExec. Original error: 'Command 'C:\\Users\\dutra\\AppData\\Local\\Android\\Sdk\\platform-tools\\adb.exe -P 5037 -s emulator-5554 shell 'settings delete global hidden_api_policy_pre_p_apps;settings delete global hidden_api_policy_p_apps;settings delete global hidden_api_policy'' exited with code 1'; Command output: adb.exe: device still authorizing

    at getResponseForW3CError (C:\Coding\robotframework-qax\mobile\node_modules\@appium\base-driver\lib\protocol\errors.js:1145:9)
    at asyncHandler (C:\Coding\robotframework-qax\mobile\node_modules\@appium\base-driver\lib\protocol\protocol.js:485:57)</status>
</test>
<doc>ssss</doc>
<status status="FAIL" start="2024-11-04T16:01:41.361077" elapsed="28.276474"/>
</suite>
<statistics>
<total>
<stat pass="0" fail="1" skip="0">All Tests</stat>
</total>
<tag>
</tag>
<suite>
<stat pass="0" fail="1" skip="0" id="s1" name="Mybody">Mybody</stat>
</suite>
</statistics>
<errors>
<msg time="2024-11-04T16:02:07.282514" level="WARN">Keyword 'Capture Page Screenshot' could not be run on failure: WebDriverException: Message: An unknown server-side error occurred while processing the command. Original error: 'GET /screenshot' cannot be proxied to UiAutomator2 server because the instrumentation process is not running (probably crashed). Check the server log and/or the logcat output for more details
Stacktrace:
UnknownError: An unknown server-side error occurred while processing the command. Original error: 'GET /screenshot' cannot be proxied to UiAutomator2 server because the instrumentation process is not running (probably crashed). Check the server log and/or the logcat output for more details
    at UIA2Proxy.command (C:\Coding\robotframework-qax\mobile\node_modules\appium-uiautomator2-driver\node_modules\@appium\base-driver\lib\jsonwp-proxy\proxy.js:350:13)
    at processTicksAndRejections (node:internal/process/task_queues:95:5)
    at AndroidUiautomator2Driver.getScreenshot (C:\Coding\robotframework-qax\mobile\node_modules\appium-uiautomator2-driver\lib\commands\screenshot.js:42:5)</msg>
<msg time="2024-11-04T16:02:09.630580" level="WARN">Keyword 'Capture Page Screenshot' could not be run on failure: InvalidSessionIdException: Message: A session is either terminated or not started
Stacktrace:
NoSuchDriverError: A session is either terminated or not started
    at asyncHandler (C:\Coding\robotframework-qax\mobile\node_modules\@appium\base-driver\lib\protocol\protocol.js:309:15)
    at C:\Coding\robotframework-qax\mobile\node_modules\@appium\base-driver\lib\protocol\protocol.js:512:15
    at Layer.handle [as handle_request] (C:\Coding\robotframework-qax\mobile\node_modules\express\lib\router\layer.js:95:5)
    at next (C:\Coding\robotframework-qax\mobile\node_modules\express\lib\router\route.js:149:13)
    at Route.dispatch (C:\Coding\robotframework-qax\mobile\node_modules\express\lib\router\route.js:119:3)
    at Layer.handle [as handle_request] (C:\Coding\robotframework-qax\mobile\node_modules\express\lib\router\layer.js:95:5)
    at C:\Coding\robotframework-qax\mobile\node_modules\express\lib\router\index.js:284:15
    at param (C:\Coding\robotframework-qax\mobile\node_modules\express\lib\router\index.js:365:14)
    [ Message content over the limit has been removed. ]
    at Layer.handle [as handle_request] (C:\Coding\robotframework-qax\mobile\node_modules\express\lib\router\layer.js:95:5)
    at trim_prefix (C:\Coding\robotframework-qax\mobile\node_modules\express\lib\router\index.js:328:13)
    at C:\Coding\robotframework-qax\mobile\node_modules\express\lib\router\index.js:286:9
    at Function.process_params (C:\Coding\robotframework-qax\mobile\node_modules\express\lib\router\index.js:346:12)
    at next (C:\Coding\robotframework-qax\mobile\node_modules\express\lib\router\index.js:280:10)
    at jsonParser (C:\Coding\robotframework-qax\mobile\node_modules\body-parser\lib\types\json.js:113:7)
    at Layer.handle [as handle_request] (C:\Coding\robotframework-qax\mobile\node_modules\express\lib\router\layer.js:95:5)
    at trim_prefix (C:\Coding\robotframework-qax\mobile\node_modules\express\lib\router\index.js:328:13)
    at C:\Coding\robotframework-qax\mobile\node_modules\express\lib\router\index.js:286:9
    at Function.process_params (C:\Coding\robotframework-qax\mobile\node_modules\express\lib\router\index.js:346:12)</msg>
</errors>
</robot>
