<?xml version="1.0" encoding="UTF-8"?>
<robot generator="Robot 7.1.1 (Python 3.12.1 on win32)" generated="2024-11-04T13:25:02.119358" rpa="false" schemaversion="5">
<suite id="s1" name="Memberships" source="C:\Coding\robotframework-qax\web\tests\memberships.robot">
<test id="s1-t1" name="Should Be Able To Complete New Membership" line="22">
<kw name="Start Session" owner="Base" type="SETUP">
<kw name="New Browser" owner="Browser">
<msg time="2024-11-04T13:25:02.742280" level="INFO">{"browser": "chromium", "headless": false, "chromiumSandbox": false, "devtools": false, "handleSIGHUP": true, "handleSIGINT": true, "handleSIGTERM": true, "slowMo": 0.0, "timeout": 30000.0, "tracesDir": "C:\\Coding\\robotframework-qax\\web\\logs\\browser\\traces\\e0308352-5369-4537-8c37-5eeb1a579251"}</msg>
<msg time="2024-11-04T13:25:02.780985" level="INFO">Starting Browser process C:\Python312\Lib\site-packages\Browser\wrapper\index.js using port 54014</msg>
<msg time="2024-11-04T13:25:02.780985" level="INFO">Node startup parameters: ['node', 'C:\\Python312\\Lib\\site-packages\\Browser\\wrapper\\index.js', '54014']</msg>
<msg time="2024-11-04T13:25:04.138307" level="INFO">Successfully created browser with options: {"browser":"chromium","headless":false,"chromiumSandbox":false,"devtools":false,"handleSIGHUP":true,"handleSIGINT":true,"handleSIGTERM":true,"slowMo":0,"timeout":30000,"tracesDir":"C:\\Coding\\robotframework-qax\\web\\logs\\browser\\traces\\e0308352-5369-4537-8c37-5eeb1a579251"}</msg>
<arg>browser=chromium</arg>
<arg>headless=False</arg>
<tag>BrowserControl</tag>
<tag>Setter</tag>
<doc>Create a new playwright Browser with specified options.</doc>
<status status="PASS" start="2024-11-04T13:25:02.741279" elapsed="1.397028"/>
</kw>
<kw name="New Page" owner="Browser">
<msg time="2024-11-04T13:25:04.987537" level="INFO">Successfully initialized new page object and opened url: http://localhost:3000</msg>
<msg time="2024-11-04T13:25:04.987537" level="INFO">No context was open. New context was automatically opened when this page is created.</msg>
<arg>http://localhost:3000</arg>
<tag>BrowserControl</tag>
<tag>Setter</tag>
<doc>Open a new Page.</doc>
<status status="PASS" start="2024-11-04T13:25:04.138307" elapsed="0.849230"/>
</kw>
<status status="PASS" start="2024-11-04T13:25:02.741279" elapsed="2.246258"/>
</kw>
<kw name="Get JSON Fixture" owner="Data">
<kw name="Load Json From File" owner="JSONLibrary">
<msg time="2024-11-04T13:25:04.989531" level="INFO">${data} = {'create': {'account': {'name': 'Paulo Cintura', 'email': 'paulo.cintura@test.com', 'cpf': '73592251082'}, 'plan': {'name': 'Plano Black', 'id': 2, 'price': 79.99}, 'credit_card': {'number': '42424242...</msg>
<var>${data}</var>
<arg>${EXECDIR}/resources/fixtures/${file_name}.json</arg>
<doc>Load JSON from file.</doc>
<status status="PASS" start="2024-11-04T13:25:04.988532" elapsed="0.000999"/>
</kw>
<return>
<value>${data}[${node_path}]</value>
<status status="PASS" start="2024-11-04T13:25:04.989531" elapsed="0.000000"/>
</return>
<msg time="2024-11-04T13:25:04.990532" level="INFO">&amp;{data} = { account={'name': 'Paulo Cintura', 'email': 'paulo.cintura@test.com', 'cpf': '73592251082'} | plan={'name': 'Plano Black', 'id': 2, 'price': 79.99} | credit_card={'number': '4242424242424242', 'holde...</msg>
<var>&amp;{data}</var>
<arg>memberships</arg>
<arg>create</arg>
<status status="PASS" start="2024-11-04T13:25:04.988532" elapsed="0.002000"/>
</kw>
<kw name="Database Delete Account By Email" owner="DB">
<kw name="Open Database Connection" owner="DB">
<kw name="Connect To Database" owner="DatabaseLibrary">
<msg time="2024-11-04T13:25:04.991533" level="INFO">Looking for configuration file: 'resources\db.cfg'</msg>
<msg time="2024-11-04T13:25:04.991533" level="INFO">Configuration file doesn't exist</msg>
<msg time="2024-11-04T13:25:05.004728" level="INFO">Connect to DB using : psycopg2.connect(database='smartbit', user='postgres', password=***, host='localhost', port=5432)</msg>
<arg>db_module=psycopg2</arg>
<arg>db_name=smartbit</arg>
<arg>db_user=postgres</arg>
<arg>db_password=QAx@123</arg>
<arg>db_host=localhost</arg>
<arg>db_port=5432</arg>
<doc>Creates a database connection using the DB API 2.0 ``db_module`` and the parameters provided.
Along with listed commonly used arguments (`db_name`, `db_host` etc.)
you can set any other DB module specific parameters as key/value pairs.</doc>
<status status="PASS" start="2024-11-04T13:25:04.990532" elapsed="0.037718"/>
</kw>
<status status="PASS" start="2024-11-04T13:25:04.990532" elapsed="0.037718"/>
</kw>
<kw name="Execute Sql String" owner="DatabaseLibrary">
<msg time="2024-11-04T13:25:05.028250" level="INFO" html="true">Executing sql:&lt;br&gt;&lt;code style="font-weight: bold;"&gt;DELETE FROM accounts WHERE email = 'paulo.cintura@test.com';&lt;/code&gt;</msg>
<arg>DELETE FROM accounts WHERE email = '${email}';</arg>
<doc>Executes the ``sql_string`` as a single SQL command.</doc>
<status status="PASS" start="2024-11-04T13:25:05.028250" elapsed="0.007607"/>
</kw>
<kw name="Disconnect From Database" owner="DatabaseLibrary">
<doc>Disconnects from the database.</doc>
<status status="PASS" start="2024-11-04T13:25:05.035857" elapsed="0.000000"/>
</kw>
<arg>${data}[account][email]</arg>
<status status="PASS" start="2024-11-04T13:25:04.990532" elapsed="0.045325"/>
</kw>
<kw name="Database Insert User Account" owner="DB">
<kw name="Set Variable" owner="BuiltIn">
<msg time="2024-11-04T13:25:05.037398" level="INFO">${name} = Paulo Cintura</msg>
<var>${name}</var>
<arg>${account_data}[name]</arg>
<doc>Returns the given values which can then be assigned to a variables.</doc>
<status status="PASS" start="2024-11-04T13:25:05.037398" elapsed="0.000000"/>
</kw>
<kw name="Set Variable" owner="BuiltIn">
<msg time="2024-11-04T13:25:05.037398" level="INFO">${email} = paulo.cintura@test.com</msg>
<var>${email}</var>
<arg>${account_data}[email]</arg>
<doc>Returns the given values which can then be assigned to a variables.</doc>
<status status="PASS" start="2024-11-04T13:25:05.037398" elapsed="0.000000"/>
</kw>
<kw name="Set Variable" owner="BuiltIn">
<msg time="2024-11-04T13:25:05.037398" level="INFO">${cpf} = 73592251082</msg>
<var>${cpf}</var>
<arg>${account_data}[cpf]</arg>
<doc>Returns the given values which can then be assigned to a variables.</doc>
<status status="PASS" start="2024-11-04T13:25:05.037398" elapsed="0.000000"/>
</kw>
<kw name="Open Database Connection" owner="DB">
<kw name="Connect To Database" owner="DatabaseLibrary">
<msg time="2024-11-04T13:25:05.038393" level="INFO">Looking for configuration file: 'resources\db.cfg'</msg>
<msg time="2024-11-04T13:25:05.038393" level="INFO">Configuration file doesn't exist</msg>
<msg time="2024-11-04T13:25:05.038393" level="INFO">Connect to DB using : psycopg2.connect(database='smartbit', user='postgres', password=***, host='localhost', port=5432)</msg>
<arg>db_module=psycopg2</arg>
<arg>db_name=smartbit</arg>
<arg>db_user=postgres</arg>
<arg>db_password=QAx@123</arg>
<arg>db_host=localhost</arg>
<arg>db_port=5432</arg>
<doc>Creates a database connection using the DB API 2.0 ``db_module`` and the parameters provided.
Along with listed commonly used arguments (`db_name`, `db_host` etc.)
you can set any other DB module specific parameters as key/value pairs.</doc>
<status status="PASS" start="2024-11-04T13:25:05.038393" elapsed="0.013359"/>
</kw>
<status status="PASS" start="2024-11-04T13:25:05.037398" elapsed="0.014354"/>
</kw>
<kw name="Execute Sql String" owner="DatabaseLibrary">
<msg time="2024-11-04T13:25:05.052749" level="INFO" html="true">Executing sql:&lt;br&gt;&lt;code style="font-weight: bold;"&gt;INSERT INTO accounts (name, email, cpf) VALUES ('Paulo Cintura', 'paulo.cintura@test.com', '73592251082');&lt;/code&gt;</msg>
<arg>INSERT INTO accounts (name, email, cpf) VALUES ('${name}', '${email}', '${cpf}');</arg>
<doc>Executes the ``sql_string`` as a single SQL command.</doc>
<status status="PASS" start="2024-11-04T13:25:05.052749" elapsed="0.003000"/>
</kw>
<kw name="Disconnect From Database" owner="DatabaseLibrary">
<doc>Disconnects from the database.</doc>
<status status="PASS" start="2024-11-04T13:25:05.055749" elapsed="0.001000"/>
</kw>
<arg>${data}[account]</arg>
<status status="PASS" start="2024-11-04T13:25:05.036857" elapsed="0.019892"/>
</kw>
<kw name="Sign In With Admin User" owner="Base">
<kw name="Go To Login Page" owner="Login">
<kw name="Go To" owner="Browser">
<msg time="2024-11-04T13:25:05.131764" level="INFO">Successfully opened URL http://localhost:3000/login</msg>
<arg>http://localhost:3000/login</arg>
<tag>BrowserControl</tag>
<tag>Setter</tag>
<doc>Navigates to the given ``url``.</doc>
<status status="PASS" start="2024-11-04T13:25:05.057429" elapsed="0.075335"/>
</kw>
<status status="PASS" start="2024-11-04T13:25:05.057429" elapsed="0.075335"/>
</kw>
<kw name="Submit Login Form" owner="Login">
<kw name="Fill Text" owner="Browser">
<msg time="2024-11-04T13:25:05.133763" level="INFO">Fills the text 'sac@smartbit.com' in the given field.</msg>
<arg>css=input[name='email']</arg>
<arg>${email}</arg>
<tag>PageContent</tag>
<tag>Setter</tag>
<doc>Clears and fills the given ``txt`` into the text field found by ``selector``.</doc>
<status status="PASS" start="2024-11-04T13:25:05.132764" elapsed="0.038297"/>
</kw>
<kw name="Fill Text" owner="Browser">
<msg time="2024-11-04T13:25:05.172047" level="INFO">Fills the text 'pwd123' in the given field.</msg>
<arg>css=input[type='password']</arg>
<arg>${password}</arg>
<tag>PageContent</tag>
<tag>Setter</tag>
<doc>Clears and fills the given ``txt`` into the text field found by ``selector``.</doc>
<status status="PASS" start="2024-11-04T13:25:05.171061" elapsed="0.014994"/>
</kw>
<kw name="Click" owner="Browser">
<msg time="2024-11-04T13:25:05.186055" level="INFO">Clicks the element 'css=button &gt;&gt; text=Entrar'.</msg>
<arg>css=button &gt;&gt; text=Entrar</arg>
<tag>PageContent</tag>
<tag>Setter</tag>
<doc>Simulates mouse click on the element found by ``selector``.</doc>
<status status="PASS" start="2024-11-04T13:25:05.186055" elapsed="0.045028"/>
</kw>
<arg>${ADMIN}[email]</arg>
<arg>${ADMIN}[password]</arg>
<status status="PASS" start="2024-11-04T13:25:05.132764" elapsed="0.098319"/>
</kw>
<kw name="User Is Logged In" owner="Navbar">
<kw name="Set Variable" owner="BuiltIn">
<msg time="2024-11-04T13:25:05.232083" level="INFO">${logged_user_label} = css=.logged-user</msg>
<var>${logged_user_label}</var>
<arg>css=.logged-user</arg>
<doc>Returns the given values which can then be assigned to a variables.</doc>
<status status="PASS" start="2024-11-04T13:25:05.231083" elapsed="0.001000"/>
</kw>
<kw name="Wait For Elements State" owner="Browser">
<msg time="2024-11-04T13:25:06.575475" level="INFO">Waited for Element with selector css=.logged-user at state visible</msg>
<arg>selector=${logged_user_label}</arg>
<arg>state=visible</arg>
<arg>timeout=5s</arg>
<tag>PageContent</tag>
<tag>Wait</tag>
<doc>Waits for the element found by ``selector`` to satisfy state option.</doc>
<status status="PASS" start="2024-11-04T13:25:05.232083" elapsed="1.344348"/>
</kw>
<kw name="Get Text" owner="Browser">
<msg time="2024-11-04T13:25:06.619020" level="INFO">Text: 'sac@smartbit.com'</msg>
<arg>selector=${logged_user_label}</arg>
<arg>assertion_operator=equal</arg>
<arg>assertion_expected=${user_email}</arg>
<tag>Assertion</tag>
<tag>Getter</tag>
<tag>PageContent</tag>
<doc>Returns text attribute of the element found by ``selector``.</doc>
<status status="PASS" start="2024-11-04T13:25:06.577485" elapsed="0.041535"/>
</kw>
<arg>${ADMIN}[email]</arg>
<status status="PASS" start="2024-11-04T13:25:05.231083" elapsed="1.388937"/>
</kw>
<status status="PASS" start="2024-11-04T13:25:05.056749" elapsed="1.563271"/>
</kw>
<kw name="Enroll New Member" owner="Base">
<kw name="Go To Memberships Page" owner="Navbar">
<kw name="Click" owner="Browser">
<msg time="2024-11-04T13:25:06.621020" level="INFO">Clicks the element 'css=a[href='/memberships']'.</msg>
<arg>css=a[href='/memberships']</arg>
<tag>PageContent</tag>
<tag>Setter</tag>
<doc>Simulates mouse click on the element found by ``selector``.</doc>
<status status="PASS" start="2024-11-04T13:25:06.621020" elapsed="0.047456"/>
</kw>
<kw name="Wait For Elements State" owner="Browser">
<msg time="2024-11-04T13:25:06.674475" level="INFO">Waited for Element with selector css=h1 &gt;&gt; text=Matrículas at state visible</msg>
<arg>css=h1 &gt;&gt; text=Matrículas</arg>
<arg>visible</arg>
<arg>5s</arg>
<tag>PageContent</tag>
<tag>Wait</tag>
<doc>Waits for the element found by ``selector`` to satisfy state option.</doc>
<status status="PASS" start="2024-11-04T13:25:06.669477" elapsed="0.004998"/>
</kw>
<status status="PASS" start="2024-11-04T13:25:06.620020" elapsed="0.055457"/>
</kw>
<kw name="Start New Membership Enrollment" owner="Memberships">
<kw name="Click" owner="Browser">
<msg time="2024-11-04T13:25:06.675477" level="INFO">Clicks the element 'css=a[href='/memberships/new']'.</msg>
<arg>css=a[href='/memberships/new']</arg>
<tag>PageContent</tag>
<tag>Setter</tag>
<doc>Simulates mouse click on the element found by ``selector``.</doc>
<status status="PASS" start="2024-11-04T13:25:06.675477" elapsed="0.091783"/>
</kw>
<kw name="Wait For Elements State" owner="Browser">
<msg time="2024-11-04T13:25:06.789255" level="INFO">Waited for Element with selector css=h1 &gt;&gt; text=Nova matrícula at state visible</msg>
<arg>css=h1 &gt;&gt; text=Nova matrícula</arg>
<arg>visible</arg>
<arg>5s</arg>
<tag>PageContent</tag>
<tag>Wait</tag>
<doc>Waits for the element found by ``selector`` to satisfy state option.</doc>
<status status="PASS" start="2024-11-04T13:25:06.767260" elapsed="0.021995"/>
</kw>
<status status="PASS" start="2024-11-04T13:25:06.675477" elapsed="0.113778"/>
</kw>
<kw name="Select Account" owner="NewMembership">
<kw name="Fill Text" owner="Browser">
<msg time="2024-11-04T13:25:06.790255" level="INFO">Fills the text 'Paulo Cintura' in the given field.</msg>
<arg>css=input[aria-label='select_account']</arg>
<arg>${name}</arg>
<tag>PageContent</tag>
<tag>Setter</tag>
<doc>Clears and fills the given ``txt`` into the text field found by ``selector``.</doc>
<status status="PASS" start="2024-11-04T13:25:06.789255" elapsed="0.021879"/>
</kw>
<kw name="Click" owner="Browser">
<msg time="2024-11-04T13:25:06.812130" level="INFO">Clicks the element 'css=[data-testid='73592251082']'.</msg>
<arg>css=[data-testid='${cpf}']</arg>
<tag>PageContent</tag>
<tag>Setter</tag>
<doc>Simulates mouse click on the element found by ``selector``.</doc>
<status status="PASS" start="2024-11-04T13:25:06.812130" elapsed="0.062000"/>
</kw>
<arg>${data}[account][name]</arg>
<arg>${data}[account][cpf]</arg>
<status status="PASS" start="2024-11-04T13:25:06.789255" elapsed="0.084875"/>
</kw>
<kw name="Select Plan" owner="NewMembership">
<kw name="Fill Text" owner="Browser">
<msg time="2024-11-04T13:25:06.875130" level="INFO">Fills the text 'Plano Black' in the given field.</msg>
<arg>css=input[aria-label='select_plan']</arg>
<arg>${plan}</arg>
<tag>PageContent</tag>
<tag>Setter</tag>
<doc>Clears and fills the given ``txt`` into the text field found by ``selector``.</doc>
<status status="PASS" start="2024-11-04T13:25:06.874130" elapsed="0.016492"/>
</kw>
<kw name="Click" owner="Browser">
<msg time="2024-11-04T13:25:06.891622" level="INFO">Clicks the element 'div[id*='option'] &gt;&gt; text=Plano Black'.</msg>
<arg>div[id*='option'] &gt;&gt; text=${plan}</arg>
<tag>PageContent</tag>
<tag>Setter</tag>
<doc>Simulates mouse click on the element found by ``selector``.</doc>
<status status="PASS" start="2024-11-04T13:25:06.890622" elapsed="0.047403"/>
</kw>
<arg>${data}[plan][name]</arg>
<status status="PASS" start="2024-11-04T13:25:06.874130" elapsed="0.063895"/>
</kw>
<kw name="Fill Credit Card Data" owner="NewMembership">
<kw name="Fill Text" owner="Browser">
<msg time="2024-11-04T13:25:06.939024" level="INFO">Fills the text '4242424242424242' in the given field.</msg>
<arg>css=input[name='card_number']</arg>
<arg>${card_data}[number]</arg>
<tag>PageContent</tag>
<tag>Setter</tag>
<doc>Clears and fills the given ``txt`` into the text field found by ``selector``.</doc>
<status status="PASS" start="2024-11-04T13:25:06.939024" elapsed="0.013551"/>
</kw>
<kw name="Fill Text" owner="Browser">
<msg time="2024-11-04T13:25:06.953573" level="INFO">Fills the text 'Paulo Cintura' in the given field.</msg>
<arg>css=input[name='card_holder']</arg>
<arg>${card_data}[holder]</arg>
<tag>PageContent</tag>
<tag>Setter</tag>
<doc>Clears and fills the given ``txt`` into the text field found by ``selector``.</doc>
<status status="PASS" start="2024-11-04T13:25:06.952575" elapsed="0.012012"/>
</kw>
<kw name="Fill Text" owner="Browser">
<msg time="2024-11-04T13:25:06.966306" level="INFO">Fills the text '12' in the given field.</msg>
<arg>css=input[name='card_month']</arg>
<arg>${card_data}[exp_month]</arg>
<tag>PageContent</tag>
<tag>Setter</tag>
<doc>Clears and fills the given ``txt`` into the text field found by ``selector``.</doc>
<status status="PASS" start="2024-11-04T13:25:06.965588" elapsed="0.011739"/>
</kw>
<kw name="Fill Text" owner="Browser">
<msg time="2024-11-04T13:25:06.978325" level="INFO">Fills the text '2030' in the given field.</msg>
<arg>css=input[name='card_year']</arg>
<arg>${card_data}[exp_year]</arg>
<tag>PageContent</tag>
<tag>Setter</tag>
<doc>Clears and fills the given ``txt`` into the text field found by ``selector``.</doc>
<status status="PASS" start="2024-11-04T13:25:06.977327" elapsed="0.011775"/>
</kw>
<kw name="Fill Text" owner="Browser">
<msg time="2024-11-04T13:25:06.990103" level="INFO">Fills the text '123' in the given field.</msg>
<arg>css=input[name='card_cvv']</arg>
<arg>${card_data}[cvv]</arg>
<tag>PageContent</tag>
<tag>Setter</tag>
<doc>Clears and fills the given ``txt`` into the text field found by ``selector``.</doc>
<status status="PASS" start="2024-11-04T13:25:06.989102" elapsed="0.012529"/>
</kw>
<arg>&amp;{data}[credit_card]</arg>
<status status="PASS" start="2024-11-04T13:25:06.938025" elapsed="0.063606"/>
</kw>
<kw name="Finish Membership Enrollment" owner="NewMembership">
<kw name="Click" owner="Browser">
<msg time="2024-11-04T13:25:07.002626" level="INFO">Clicks the element 'css=button[type='submit']'.</msg>
<arg>css=button[type='submit']</arg>
<tag>PageContent</tag>
<tag>Setter</tag>
<doc>Simulates mouse click on the element found by ``selector``.</doc>
<status status="PASS" start="2024-11-04T13:25:07.001631" elapsed="0.035930"/>
</kw>
<status status="PASS" start="2024-11-04T13:25:07.001631" elapsed="0.036701"/>
</kw>
<arg>${data}</arg>
<status status="PASS" start="2024-11-04T13:25:06.620020" elapsed="0.418312"/>
</kw>
<kw name="Toast Message Should Be" owner="Toast">
<kw name="Set Variable" owner="BuiltIn">
<msg time="2024-11-04T13:25:07.038558" level="INFO">${toast_selector} = .Toastify__toast-body</msg>
<var>${toast_selector}</var>
<arg>.Toastify__toast-body</arg>
<doc>Returns the given values which can then be assigned to a variables.</doc>
<status status="PASS" start="2024-11-04T13:25:07.038558" elapsed="0.000000"/>
</kw>
<kw name="Wait For Elements State" owner="Browser">
<msg time="2024-11-04T13:25:07.135985" level="INFO">Waited for Element with selector css=.Toastify__toast-body at state visible</msg>
<arg>css=${toast_selector}</arg>
<arg>state=visible</arg>
<arg>timeout=5s</arg>
<tag>PageContent</tag>
<tag>Wait</tag>
<doc>Waits for the element found by ``selector`` to satisfy state option.</doc>
<status status="PASS" start="2024-11-04T13:25:07.038558" elapsed="0.098316"/>
</kw>
<kw name="Get Text" owner="Browser">
<msg time="2024-11-04T13:25:07.154500" level="INFO">Text: 'Matrícula cadastrada com sucesso.'</msg>
<arg>css=${toast_selector}</arg>
<arg>assertion_operator=equal</arg>
<arg>assertion_expected=${expected_text}</arg>
<tag>Assertion</tag>
<tag>Getter</tag>
<tag>PageContent</tag>
<doc>Returns text attribute of the element found by ``selector``.</doc>
<status status="PASS" start="2024-11-04T13:25:07.136874" elapsed="0.017626"/>
</kw>
<kw name="Take Screenshot" owner="Browser">
<msg time="2024-11-04T13:25:08.153506" level="INFO" html="true">&lt;/td&gt;&lt;/tr&gt;&lt;tr&gt;&lt;td colspan="3"&gt;&lt;a href="browser/screenshot/robotframework-browser-screenshot-1.png" target="_blank"&gt;&lt;img src="browser/screenshot/robotframework-browser-screenshot-1.png" width="800px"/&gt;&lt;/a&gt;</msg>
<arg>selector=${toast_selector}</arg>
<tag>PageContent</tag>
<doc>Takes a screenshot of the current window or element and saves it to disk.</doc>
<status status="PASS" start="2024-11-04T13:25:07.154500" elapsed="0.999006"/>
</kw>
<arg>Matrícula cadastrada com sucesso.</arg>
<status status="PASS" start="2024-11-04T13:25:07.038558" elapsed="1.115950"/>
</kw>
<kw name="Take Screenshot" owner="Browser" type="TEARDOWN">
<msg time="2024-11-04T13:25:08.259220" level="INFO" html="true">&lt;/td&gt;&lt;/tr&gt;&lt;tr&gt;&lt;td colspan="3"&gt;&lt;a href="browser/screenshot/robotframework-browser-screenshot-2.png" target="_blank"&gt;&lt;img src="browser/screenshot/robotframework-browser-screenshot-2.png" width="800px"/&gt;&lt;/a&gt;</msg>
<tag>PageContent</tag>
<doc>Takes a screenshot of the current window or element and saves it to disk.</doc>
<status status="PASS" start="2024-11-04T13:25:08.154508" elapsed="0.104712"/>
</kw>
<status status="PASS" start="2024-11-04T13:25:02.740279" elapsed="5.519447"/>
</test>
<test id="s1-t2" name="Should Not Enroll Duplicated Membership" line="32">
<kw name="Start Session" owner="Base" type="SETUP">
<kw name="New Browser" owner="Browser">
<msg time="2024-11-04T13:25:08.337311" level="INFO">Switching browser to browser=b5975885-ef42-4e4e-9e64-cdb204a8a648</msg>
<msg time="2024-11-04T13:25:08.339306" level="INFO">Successfully changed active browser: browser=b5975885-ef42-4e4e-9e64-cdb204a8a648</msg>
<msg time="2024-11-04T13:25:08.340306" level="INFO">Reusing existing browser with id: browser=b5975885-ef42-4e4e-9e64-cdb204a8a648</msg>
<arg>browser=chromium</arg>
<arg>headless=False</arg>
<tag>BrowserControl</tag>
<tag>Setter</tag>
<doc>Create a new playwright Browser with specified options.</doc>
<status status="PASS" start="2024-11-04T13:25:08.336308" elapsed="0.003998"/>
</kw>
<kw name="New Page" owner="Browser">
<msg time="2024-11-04T13:25:08.990984" level="INFO">Successfully initialized new page object and opened url: http://localhost:3000</msg>
<msg time="2024-11-04T13:25:08.990984" level="INFO">No context was open. New context was automatically opened when this page is created.</msg>
<arg>http://localhost:3000</arg>
<tag>BrowserControl</tag>
<tag>Setter</tag>
<doc>Open a new Page.</doc>
<status status="PASS" start="2024-11-04T13:25:08.340306" elapsed="0.650678"/>
</kw>
<status status="PASS" start="2024-11-04T13:25:08.335306" elapsed="0.655678"/>
</kw>
<kw name="Get JSON Fixture" owner="Data">
<kw name="Load Json From File" owner="JSONLibrary">
<msg time="2024-11-04T13:25:08.991983" level="INFO">${data} = {'create': {'account': {'name': 'Paulo Cintura', 'email': 'paulo.cintura@test.com', 'cpf': '73592251082'}, 'plan': {'name': 'Plano Black', 'id': 2, 'price': 79.99}, 'credit_card': {'number': '42424242...</msg>
<var>${data}</var>
<arg>${EXECDIR}/resources/fixtures/${file_name}.json</arg>
<doc>Load JSON from file.</doc>
<status status="PASS" start="2024-11-04T13:25:08.991983" elapsed="0.000000"/>
</kw>
<return>
<value>${data}[${node_path}]</value>
<status status="PASS" start="2024-11-04T13:25:08.991983" elapsed="0.000000"/>
</return>
<msg time="2024-11-04T13:25:08.992982" level="INFO">&amp;{data} = { account={'name': 'Jonas Brother', 'email': 'jonas.brother@test.com', 'cpf': '36183858030'} | plan={'name': 'Plano Smart', 'id': 1, 'price': 99.99} | credit_card={'number': '4242424242424242', 'holde...</msg>
<var>&amp;{data}</var>
<arg>memberships</arg>
<arg>duplicate</arg>
<status status="PASS" start="2024-11-04T13:25:08.990984" elapsed="0.001998"/>
</kw>
<kw name="Database Delete Account By Email" owner="DB">
<kw name="Open Database Connection" owner="DB">
<kw name="Connect To Database" owner="DatabaseLibrary">
<msg time="2024-11-04T13:25:08.993981" level="INFO">Looking for configuration file: 'resources\db.cfg'</msg>
<msg time="2024-11-04T13:25:08.993981" level="INFO">Configuration file doesn't exist</msg>
<msg time="2024-11-04T13:25:08.993981" level="INFO">Connect to DB using : psycopg2.connect(database='smartbit', user='postgres', password=***, host='localhost', port=5432)</msg>
<arg>db_module=psycopg2</arg>
<arg>db_name=smartbit</arg>
<arg>db_user=postgres</arg>
<arg>db_password=QAx@123</arg>
<arg>db_host=localhost</arg>
<arg>db_port=5432</arg>
<doc>Creates a database connection using the DB API 2.0 ``db_module`` and the parameters provided.
Along with listed commonly used arguments (`db_name`, `db_host` etc.)
you can set any other DB module specific parameters as key/value pairs.</doc>
<status status="PASS" start="2024-11-04T13:25:08.992982" elapsed="0.034637"/>
</kw>
<status status="PASS" start="2024-11-04T13:25:08.992982" elapsed="0.034637"/>
</kw>
<kw name="Execute Sql String" owner="DatabaseLibrary">
<msg time="2024-11-04T13:25:09.027619" level="INFO" html="true">Executing sql:&lt;br&gt;&lt;code style="font-weight: bold;"&gt;DELETE FROM accounts WHERE email = 'jonas.brother@test.com';&lt;/code&gt;</msg>
<arg>DELETE FROM accounts WHERE email = '${email}';</arg>
<doc>Executes the ``sql_string`` as a single SQL command.</doc>
<status status="PASS" start="2024-11-04T13:25:09.027619" elapsed="0.006971"/>
</kw>
<kw name="Disconnect From Database" owner="DatabaseLibrary">
<doc>Disconnects from the database.</doc>
<status status="PASS" start="2024-11-04T13:25:09.034590" elapsed="0.000000"/>
</kw>
<arg>${data}[account][email]</arg>
<status status="PASS" start="2024-11-04T13:25:08.992982" elapsed="0.041608"/>
</kw>
<kw name="Database Insert User Account And Membership" owner="DB">
<kw name="Set Variable" owner="BuiltIn">
<msg time="2024-11-04T13:25:09.035592" level="INFO">${name} = Jonas Brother</msg>
<var>${name}</var>
<arg>${data}[account][name]</arg>
<doc>Returns the given values which can then be assigned to a variables.</doc>
<status status="PASS" start="2024-11-04T13:25:09.035592" elapsed="0.000000"/>
</kw>
<kw name="Set Variable" owner="BuiltIn">
<msg time="2024-11-04T13:25:09.035592" level="INFO">${email} = jonas.brother@test.com</msg>
<var>${email}</var>
<arg>${data}[account][email]</arg>
<doc>Returns the given values which can then be assigned to a variables.</doc>
<status status="PASS" start="2024-11-04T13:25:09.035592" elapsed="0.000000"/>
</kw>
<kw name="Set Variable" owner="BuiltIn">
<msg time="2024-11-04T13:25:09.036591" level="INFO">${cpf} = 36183858030</msg>
<var>${cpf}</var>
<arg>${data}[account][cpf]</arg>
<doc>Returns the given values which can then be assigned to a variables.</doc>
<status status="PASS" start="2024-11-04T13:25:09.036591" elapsed="0.000000"/>
</kw>
<kw name="Set Variable" owner="BuiltIn">
<msg time="2024-11-04T13:25:09.036591" level="INFO">${plan_id} = 1</msg>
<var>${plan_id}</var>
<arg>${data}[plan][id]</arg>
<doc>Returns the given values which can then be assigned to a variables.</doc>
<status status="PASS" start="2024-11-04T13:25:09.036591" elapsed="0.000000"/>
</kw>
<kw name="Set Variable" owner="BuiltIn">
<msg time="2024-11-04T13:25:09.036591" level="INFO">${price} = 99.99</msg>
<var>${price}</var>
<arg>${data}[plan][price]</arg>
<doc>Returns the given values which can then be assigned to a variables.</doc>
<status status="PASS" start="2024-11-04T13:25:09.036591" elapsed="0.000000"/>
</kw>
<kw name="Set Variable" owner="BuiltIn">
<msg time="2024-11-04T13:25:09.037601" level="INFO">${card} = 4242</msg>
<var>${card}</var>
<arg>${data}[credit_card][last]</arg>
<doc>Returns the given values which can then be assigned to a variables.</doc>
<status status="PASS" start="2024-11-04T13:25:09.036591" elapsed="0.001010"/>
</kw>
<kw name="Open Database Connection" owner="DB">
<kw name="Connect To Database" owner="DatabaseLibrary">
<msg time="2024-11-04T13:25:09.037601" level="INFO">Looking for configuration file: 'resources\db.cfg'</msg>
<msg time="2024-11-04T13:25:09.037601" level="INFO">Configuration file doesn't exist</msg>
<msg time="2024-11-04T13:25:09.038370" level="INFO">Connect to DB using : psycopg2.connect(database='smartbit', user='postgres', password=***, host='localhost', port=5432)</msg>
<arg>db_module=psycopg2</arg>
<arg>db_name=smartbit</arg>
<arg>db_user=postgres</arg>
<arg>db_password=QAx@123</arg>
<arg>db_host=localhost</arg>
<arg>db_port=5432</arg>
<doc>Creates a database connection using the DB API 2.0 ``db_module`` and the parameters provided.
Along with listed commonly used arguments (`db_name`, `db_host` etc.)
you can set any other DB module specific parameters as key/value pairs.</doc>
<status status="PASS" start="2024-11-04T13:25:09.037601" elapsed="0.024791"/>
</kw>
<status status="PASS" start="2024-11-04T13:25:09.037601" elapsed="0.024791"/>
</kw>
<kw name="Execute Sql String" owner="DatabaseLibrary">
<msg time="2024-11-04T13:25:09.062392" level="INFO" html="true">Executing sql:&lt;br&gt;&lt;code style="font-weight: bold;"&gt;WITH new_account AS (INSERT INTO accounts (name, email, cpf) VALUES ('Jonas Brother', 'jonas.brother@test.com', '36183858030') RETURNING id) INSERT INTO memberships (account_id, plan_id, credit_card, price, status) SELECT id, 1, '4242', 99.99, true FROM new_account;&lt;/code&gt;</msg>
<arg>WITH new_account AS (INSERT INTO accounts (name, email, cpf) VALUES ('${name}', '${email}', '${cpf}') RETURNING id) INSERT INTO memberships (account_id, plan_id, credit_card, price, status) SELECT id, ${plan_id}, '${card}', ${price}, true FROM new_account;</arg>
<doc>Executes the ``sql_string`` as a single SQL command.</doc>
<status status="PASS" start="2024-11-04T13:25:09.062392" elapsed="0.005654"/>
</kw>
<kw name="Disconnect From Database" owner="DatabaseLibrary">
<doc>Disconnects from the database.</doc>
<status status="PASS" start="2024-11-04T13:25:09.069043" elapsed="0.000000"/>
</kw>
<arg>${data}</arg>
<status status="PASS" start="2024-11-04T13:25:09.035592" elapsed="0.033451"/>
</kw>
<kw name="Sign In With Admin User" owner="Base">
<kw name="Go To Login Page" owner="Login">
<kw name="Go To" owner="Browser">
<msg time="2024-11-04T13:25:09.142666" level="INFO">Successfully opened URL http://localhost:3000/login</msg>
<arg>http://localhost:3000/login</arg>
<tag>BrowserControl</tag>
<tag>Setter</tag>
<doc>Navigates to the given ``url``.</doc>
<status status="PASS" start="2024-11-04T13:25:09.070043" elapsed="0.072623"/>
</kw>
<status status="PASS" start="2024-11-04T13:25:09.070043" elapsed="0.072623"/>
</kw>
<kw name="Submit Login Form" owner="Login">
<kw name="Fill Text" owner="Browser">
<msg time="2024-11-04T13:25:09.144658" level="INFO">Fills the text 'sac@smartbit.com' in the given field.</msg>
<arg>css=input[name='email']</arg>
<arg>${email}</arg>
<tag>PageContent</tag>
<tag>Setter</tag>
<doc>Clears and fills the given ``txt`` into the text field found by ``selector``.</doc>
<status status="PASS" start="2024-11-04T13:25:09.143661" elapsed="0.029687"/>
</kw>
<kw name="Fill Text" owner="Browser">
<msg time="2024-11-04T13:25:09.174348" level="INFO">Fills the text 'pwd123' in the given field.</msg>
<arg>css=input[type='password']</arg>
<arg>${password}</arg>
<tag>PageContent</tag>
<tag>Setter</tag>
<doc>Clears and fills the given ``txt`` into the text field found by ``selector``.</doc>
<status status="PASS" start="2024-11-04T13:25:09.173348" elapsed="0.012756"/>
</kw>
<kw name="Click" owner="Browser">
<msg time="2024-11-04T13:25:09.187102" level="INFO">Clicks the element 'css=button &gt;&gt; text=Entrar'.</msg>
<arg>css=button &gt;&gt; text=Entrar</arg>
<tag>PageContent</tag>
<tag>Setter</tag>
<doc>Simulates mouse click on the element found by ``selector``.</doc>
<status status="PASS" start="2024-11-04T13:25:09.187102" elapsed="0.053178"/>
</kw>
<arg>${ADMIN}[email]</arg>
<arg>${ADMIN}[password]</arg>
<status status="PASS" start="2024-11-04T13:25:09.143661" elapsed="0.096619"/>
</kw>
<kw name="User Is Logged In" owner="Navbar">
<kw name="Set Variable" owner="BuiltIn">
<msg time="2024-11-04T13:25:09.241279" level="INFO">${logged_user_label} = css=.logged-user</msg>
<var>${logged_user_label}</var>
<arg>css=.logged-user</arg>
<doc>Returns the given values which can then be assigned to a variables.</doc>
<status status="PASS" start="2024-11-04T13:25:09.241279" elapsed="0.000000"/>
</kw>
<kw name="Wait For Elements State" owner="Browser">
<msg time="2024-11-04T13:25:10.590669" level="INFO">Waited for Element with selector css=.logged-user at state visible</msg>
<arg>selector=${logged_user_label}</arg>
<arg>state=visible</arg>
<arg>timeout=5s</arg>
<tag>PageContent</tag>
<tag>Wait</tag>
<doc>Waits for the element found by ``selector`` to satisfy state option.</doc>
<status status="PASS" start="2024-11-04T13:25:09.241279" elapsed="1.349390"/>
</kw>
<kw name="Get Text" owner="Browser">
<msg time="2024-11-04T13:25:10.609595" level="INFO">Text: 'sac@smartbit.com'</msg>
<arg>selector=${logged_user_label}</arg>
<arg>assertion_operator=equal</arg>
<arg>assertion_expected=${user_email}</arg>
<tag>Assertion</tag>
<tag>Getter</tag>
<tag>PageContent</tag>
<doc>Returns text attribute of the element found by ``selector``.</doc>
<status status="PASS" start="2024-11-04T13:25:10.590669" elapsed="0.018926"/>
</kw>
<arg>${ADMIN}[email]</arg>
<status status="PASS" start="2024-11-04T13:25:09.240280" elapsed="1.369315"/>
</kw>
<status status="PASS" start="2024-11-04T13:25:09.069043" elapsed="1.540552"/>
</kw>
<kw name="Enroll New Member" owner="Base">
<kw name="Go To Memberships Page" owner="Navbar">
<kw name="Click" owner="Browser">
<msg time="2024-11-04T13:25:10.610594" level="INFO">Clicks the element 'css=a[href='/memberships']'.</msg>
<arg>css=a[href='/memberships']</arg>
<tag>PageContent</tag>
<tag>Setter</tag>
<doc>Simulates mouse click on the element found by ``selector``.</doc>
<status status="PASS" start="2024-11-04T13:25:10.610594" elapsed="0.038843"/>
</kw>
<kw name="Wait For Elements State" owner="Browser">
<msg time="2024-11-04T13:25:10.678128" level="INFO">Waited for Element with selector css=h1 &gt;&gt; text=Matrículas at state visible</msg>
<arg>css=h1 &gt;&gt; text=Matrículas</arg>
<arg>visible</arg>
<arg>5s</arg>
<tag>PageContent</tag>
<tag>Wait</tag>
<doc>Waits for the element found by ``selector`` to satisfy state option.</doc>
<status status="PASS" start="2024-11-04T13:25:10.650441" elapsed="0.027687"/>
</kw>
<status status="PASS" start="2024-11-04T13:25:10.610594" elapsed="0.067534"/>
</kw>
<kw name="Start New Membership Enrollment" owner="Memberships">
<kw name="Click" owner="Browser">
<msg time="2024-11-04T13:25:10.679135" level="INFO">Clicks the element 'css=a[href='/memberships/new']'.</msg>
<arg>css=a[href='/memberships/new']</arg>
<tag>PageContent</tag>
<tag>Setter</tag>
<doc>Simulates mouse click on the element found by ``selector``.</doc>
<status status="PASS" start="2024-11-04T13:25:10.679135" elapsed="0.070458"/>
</kw>
<kw name="Wait For Elements State" owner="Browser">
<msg time="2024-11-04T13:25:10.777415" level="INFO">Waited for Element with selector css=h1 &gt;&gt; text=Nova matrícula at state visible</msg>
<arg>css=h1 &gt;&gt; text=Nova matrícula</arg>
<arg>visible</arg>
<arg>5s</arg>
<tag>PageContent</tag>
<tag>Wait</tag>
<doc>Waits for the element found by ``selector`` to satisfy state option.</doc>
<status status="PASS" start="2024-11-04T13:25:10.749593" elapsed="0.028810"/>
</kw>
<status status="PASS" start="2024-11-04T13:25:10.678873" elapsed="0.099530"/>
</kw>
<kw name="Select Account" owner="NewMembership">
<kw name="Fill Text" owner="Browser">
<msg time="2024-11-04T13:25:10.779406" level="INFO">Fills the text 'Jonas Brother' in the given field.</msg>
<arg>css=input[aria-label='select_account']</arg>
<arg>${name}</arg>
<tag>PageContent</tag>
<tag>Setter</tag>
<doc>Clears and fills the given ``txt`` into the text field found by ``selector``.</doc>
<status status="PASS" start="2024-11-04T13:25:10.778403" elapsed="0.027107"/>
</kw>
<kw name="Click" owner="Browser">
<msg time="2024-11-04T13:25:10.806508" level="INFO">Clicks the element 'css=[data-testid='36183858030']'.</msg>
<arg>css=[data-testid='${cpf}']</arg>
<tag>PageContent</tag>
<tag>Setter</tag>
<doc>Simulates mouse click on the element found by ``selector``.</doc>
<status status="PASS" start="2024-11-04T13:25:10.805510" elapsed="0.050833"/>
</kw>
<arg>${data}[account][name]</arg>
<arg>${data}[account][cpf]</arg>
<status status="PASS" start="2024-11-04T13:25:10.778403" elapsed="0.077940"/>
</kw>
<kw name="Select Plan" owner="NewMembership">
<kw name="Fill Text" owner="Browser">
<msg time="2024-11-04T13:25:10.857355" level="INFO">Fills the text 'Plano Smart' in the given field.</msg>
<arg>css=input[aria-label='select_plan']</arg>
<arg>${plan}</arg>
<tag>PageContent</tag>
<tag>Setter</tag>
<doc>Clears and fills the given ``txt`` into the text field found by ``selector``.</doc>
<status status="PASS" start="2024-11-04T13:25:10.857355" elapsed="0.014149"/>
</kw>
<kw name="Click" owner="Browser">
<msg time="2024-11-04T13:25:10.871504" level="INFO">Clicks the element 'div[id*='option'] &gt;&gt; text=Plano Smart'.</msg>
<arg>div[id*='option'] &gt;&gt; text=${plan}</arg>
<tag>PageContent</tag>
<tag>Setter</tag>
<doc>Simulates mouse click on the element found by ``selector``.</doc>
<status status="PASS" start="2024-11-04T13:25:10.871504" elapsed="0.048827"/>
</kw>
<arg>${data}[plan][name]</arg>
<status status="PASS" start="2024-11-04T13:25:10.856343" elapsed="0.063988"/>
</kw>
<kw name="Fill Credit Card Data" owner="NewMembership">
<kw name="Fill Text" owner="Browser">
<msg time="2024-11-04T13:25:10.921332" level="INFO">Fills the text '4242424242424242' in the given field.</msg>
<arg>css=input[name='card_number']</arg>
<arg>${card_data}[number]</arg>
<tag>PageContent</tag>
<tag>Setter</tag>
<doc>Clears and fills the given ``txt`` into the text field found by ``selector``.</doc>
<status status="PASS" start="2024-11-04T13:25:10.920331" elapsed="0.013168"/>
</kw>
<kw name="Fill Text" owner="Browser">
<msg time="2024-11-04T13:25:10.934499" level="INFO">Fills the text 'Jonas Brother' in the given field.</msg>
<arg>css=input[name='card_holder']</arg>
<arg>${card_data}[holder]</arg>
<tag>PageContent</tag>
<tag>Setter</tag>
<doc>Clears and fills the given ``txt`` into the text field found by ``selector``.</doc>
<status status="PASS" start="2024-11-04T13:25:10.933499" elapsed="0.010279"/>
</kw>
<kw name="Fill Text" owner="Browser">
<msg time="2024-11-04T13:25:10.944782" level="INFO">Fills the text '12' in the given field.</msg>
<arg>css=input[name='card_month']</arg>
<arg>${card_data}[exp_month]</arg>
<tag>PageContent</tag>
<tag>Setter</tag>
<doc>Clears and fills the given ``txt`` into the text field found by ``selector``.</doc>
<status status="PASS" start="2024-11-04T13:25:10.943778" elapsed="0.011152"/>
</kw>
<kw name="Fill Text" owner="Browser">
<msg time="2024-11-04T13:25:10.955930" level="INFO">Fills the text '2030' in the given field.</msg>
<arg>css=input[name='card_year']</arg>
<arg>${card_data}[exp_year]</arg>
<tag>PageContent</tag>
<tag>Setter</tag>
<doc>Clears and fills the given ``txt`` into the text field found by ``selector``.</doc>
<status status="PASS" start="2024-11-04T13:25:10.955930" elapsed="0.012472"/>
</kw>
<kw name="Fill Text" owner="Browser">
<msg time="2024-11-04T13:25:10.968402" level="INFO">Fills the text '123' in the given field.</msg>
<arg>css=input[name='card_cvv']</arg>
<arg>${card_data}[cvv]</arg>
<tag>PageContent</tag>
<tag>Setter</tag>
<doc>Clears and fills the given ``txt`` into the text field found by ``selector``.</doc>
<status status="PASS" start="2024-11-04T13:25:10.968402" elapsed="0.010855"/>
</kw>
<arg>&amp;{data}[credit_card]</arg>
<status status="PASS" start="2024-11-04T13:25:10.920331" elapsed="0.058926"/>
</kw>
<kw name="Finish Membership Enrollment" owner="NewMembership">
<kw name="Click" owner="Browser">
<msg time="2024-11-04T13:25:10.980258" level="INFO">Clicks the element 'css=button[type='submit']'.</msg>
<arg>css=button[type='submit']</arg>
<tag>PageContent</tag>
<tag>Setter</tag>
<doc>Simulates mouse click on the element found by ``selector``.</doc>
<status status="PASS" start="2024-11-04T13:25:10.979257" elapsed="0.043674"/>
</kw>
<status status="PASS" start="2024-11-04T13:25:10.979257" elapsed="0.043674"/>
</kw>
<arg>${data}</arg>
<status status="PASS" start="2024-11-04T13:25:10.609595" elapsed="0.413336"/>
</kw>
<kw name="Toast Message Should Be" owner="Toast">
<kw name="Set Variable" owner="BuiltIn">
<msg time="2024-11-04T13:25:11.023930" level="INFO">${toast_selector} = .Toastify__toast-body</msg>
<var>${toast_selector}</var>
<arg>.Toastify__toast-body</arg>
<doc>Returns the given values which can then be assigned to a variables.</doc>
<status status="PASS" start="2024-11-04T13:25:11.023930" elapsed="0.000000"/>
</kw>
<kw name="Wait For Elements State" owner="Browser">
<msg time="2024-11-04T13:25:11.036318" level="INFO">Waited for Element with selector css=.Toastify__toast-body at state visible</msg>
<arg>css=${toast_selector}</arg>
<arg>state=visible</arg>
<arg>timeout=5s</arg>
<tag>PageContent</tag>
<tag>Wait</tag>
<doc>Waits for the element found by ``selector`` to satisfy state option.</doc>
<status status="PASS" start="2024-11-04T13:25:11.023930" elapsed="0.012388"/>
</kw>
<kw name="Get Text" owner="Browser">
<msg time="2024-11-04T13:25:11.051346" level="INFO">Text: 'O usuário já possui matrícula.'</msg>
<arg>css=${toast_selector}</arg>
<arg>assertion_operator=equal</arg>
<arg>assertion_expected=${expected_text}</arg>
<tag>Assertion</tag>
<tag>Getter</tag>
<tag>PageContent</tag>
<doc>Returns text attribute of the element found by ``selector``.</doc>
<status status="PASS" start="2024-11-04T13:25:11.036318" elapsed="0.015028"/>
</kw>
<kw name="Take Screenshot" owner="Browser">
<msg time="2024-11-04T13:25:12.048013" level="INFO" html="true">&lt;/td&gt;&lt;/tr&gt;&lt;tr&gt;&lt;td colspan="3"&gt;&lt;a href="browser/screenshot/robotframework-browser-screenshot-3.png" target="_blank"&gt;&lt;img src="browser/screenshot/robotframework-browser-screenshot-3.png" width="800px"/&gt;&lt;/a&gt;</msg>
<arg>selector=${toast_selector}</arg>
<tag>PageContent</tag>
<doc>Takes a screenshot of the current window or element and saves it to disk.</doc>
<status status="PASS" start="2024-11-04T13:25:11.051346" elapsed="0.997665"/>
</kw>
<arg>O usuário já possui matrícula.</arg>
<status status="PASS" start="2024-11-04T13:25:11.023930" elapsed="1.025081"/>
</kw>
<kw name="Take Screenshot" owner="Browser" type="TEARDOWN">
<msg time="2024-11-04T13:25:12.164114" level="INFO" html="true">&lt;/td&gt;&lt;/tr&gt;&lt;tr&gt;&lt;td colspan="3"&gt;&lt;a href="browser/screenshot/robotframework-browser-screenshot-4.png" target="_blank"&gt;&lt;img src="browser/screenshot/robotframework-browser-screenshot-4.png" width="800px"/&gt;&lt;/a&gt;</msg>
<tag>PageContent</tag>
<doc>Takes a screenshot of the current window or element and saves it to disk.</doc>
<status status="PASS" start="2024-11-04T13:25:12.049011" elapsed="0.115103"/>
</kw>
<status status="PASS" start="2024-11-04T13:25:08.330308" elapsed="3.833806"/>
</test>
<test id="s1-t3" name="Should Return Searched Membership By Name" line="42">
<kw name="Start Session" owner="Base" type="SETUP">
<kw name="New Browser" owner="Browser">
<msg time="2024-11-04T13:25:12.249544" level="INFO">Switching browser to browser=b5975885-ef42-4e4e-9e64-cdb204a8a648</msg>
<msg time="2024-11-04T13:25:12.252538" level="INFO">Successfully changed active browser: browser=b5975885-ef42-4e4e-9e64-cdb204a8a648</msg>
<msg time="2024-11-04T13:25:12.252538" level="INFO">Reusing existing browser with id: browser=b5975885-ef42-4e4e-9e64-cdb204a8a648</msg>
<arg>browser=chromium</arg>
<arg>headless=False</arg>
<tag>BrowserControl</tag>
<tag>Setter</tag>
<doc>Create a new playwright Browser with specified options.</doc>
<status status="PASS" start="2024-11-04T13:25:12.248111" elapsed="0.004427"/>
</kw>
<kw name="New Page" owner="Browser">
<msg time="2024-11-04T13:25:12.978296" level="INFO">Successfully initialized new page object and opened url: http://localhost:3000</msg>
<msg time="2024-11-04T13:25:12.978296" level="INFO">No context was open. New context was automatically opened when this page is created.</msg>
<arg>http://localhost:3000</arg>
<tag>BrowserControl</tag>
<tag>Setter</tag>
<doc>Open a new Page.</doc>
<status status="PASS" start="2024-11-04T13:25:12.253537" elapsed="0.725762"/>
</kw>
<status status="PASS" start="2024-11-04T13:25:12.248111" elapsed="0.731188"/>
</kw>
<kw name="Get JSON Fixture" owner="Data">
<kw name="Load Json From File" owner="JSONLibrary">
<msg time="2024-11-04T13:25:12.980297" level="INFO">${data} = {'create': {'account': {'name': 'Paulo Cintura', 'email': 'paulo.cintura@test.com', 'cpf': '73592251082'}, 'plan': {'name': 'Plano Black', 'id': 2, 'price': 79.99}, 'credit_card': {'number': '42424242...</msg>
<var>${data}</var>
<arg>${EXECDIR}/resources/fixtures/${file_name}.json</arg>
<doc>Load JSON from file.</doc>
<status status="PASS" start="2024-11-04T13:25:12.980297" elapsed="0.000000"/>
</kw>
<return>
<value>${data}[${node_path}]</value>
<status status="PASS" start="2024-11-04T13:25:12.980297" elapsed="0.000000"/>
</return>
<msg time="2024-11-04T13:25:12.981297" level="INFO">&amp;{data} = { account={'name': 'Mariana da Silva', 'email': 'mariana.silva@test.com', 'cpf': '25870744016'} | plan={'name': 'Plano Black', 'id': 2, 'price': 79.99} | credit_card={'number': '4242424242424242', 'ho...</msg>
<var>&amp;{data}</var>
<arg>memberships</arg>
<arg>search</arg>
<status status="PASS" start="2024-11-04T13:25:12.979299" elapsed="0.001998"/>
</kw>
<kw name="Database Delete Account By Email" owner="DB">
<kw name="Open Database Connection" owner="DB">
<kw name="Connect To Database" owner="DatabaseLibrary">
<msg time="2024-11-04T13:25:12.982296" level="INFO">Looking for configuration file: 'resources\db.cfg'</msg>
<msg time="2024-11-04T13:25:12.982296" level="INFO">Configuration file doesn't exist</msg>
<msg time="2024-11-04T13:25:12.982296" level="INFO">Connect to DB using : psycopg2.connect(database='smartbit', user='postgres', password=***, host='localhost', port=5432)</msg>
<arg>db_module=psycopg2</arg>
<arg>db_name=smartbit</arg>
<arg>db_user=postgres</arg>
<arg>db_password=QAx@123</arg>
<arg>db_host=localhost</arg>
<arg>db_port=5432</arg>
<doc>Creates a database connection using the DB API 2.0 ``db_module`` and the parameters provided.
Along with listed commonly used arguments (`db_name`, `db_host` etc.)
you can set any other DB module specific parameters as key/value pairs.</doc>
<status status="PASS" start="2024-11-04T13:25:12.981297" elapsed="0.034786"/>
</kw>
<status status="PASS" start="2024-11-04T13:25:12.981297" elapsed="0.034786"/>
</kw>
<kw name="Execute Sql String" owner="DatabaseLibrary">
<msg time="2024-11-04T13:25:13.017084" level="INFO" html="true">Executing sql:&lt;br&gt;&lt;code style="font-weight: bold;"&gt;DELETE FROM accounts WHERE email = 'mariana.silva@test.com';&lt;/code&gt;</msg>
<arg>DELETE FROM accounts WHERE email = '${email}';</arg>
<doc>Executes the ``sql_string`` as a single SQL command.</doc>
<status status="PASS" start="2024-11-04T13:25:13.017084" elapsed="0.019536"/>
</kw>
<kw name="Disconnect From Database" owner="DatabaseLibrary">
<doc>Disconnects from the database.</doc>
<status status="PASS" start="2024-11-04T13:25:13.036620" elapsed="0.000585"/>
</kw>
<arg>${data}[account][email]</arg>
<status status="PASS" start="2024-11-04T13:25:12.981297" elapsed="0.055908"/>
</kw>
<kw name="Database Insert User Account And Membership" owner="DB">
<kw name="Set Variable" owner="BuiltIn">
<msg time="2024-11-04T13:25:13.038062" level="INFO">${name} = Mariana da Silva</msg>
<var>${name}</var>
<arg>${data}[account][name]</arg>
<doc>Returns the given values which can then be assigned to a variables.</doc>
<status status="PASS" start="2024-11-04T13:25:13.038062" elapsed="0.000000"/>
</kw>
<kw name="Set Variable" owner="BuiltIn">
<msg time="2024-11-04T13:25:13.038062" level="INFO">${email} = mariana.silva@test.com</msg>
<var>${email}</var>
<arg>${data}[account][email]</arg>
<doc>Returns the given values which can then be assigned to a variables.</doc>
<status status="PASS" start="2024-11-04T13:25:13.038062" elapsed="0.000000"/>
</kw>
<kw name="Set Variable" owner="BuiltIn">
<msg time="2024-11-04T13:25:13.038062" level="INFO">${cpf} = 25870744016</msg>
<var>${cpf}</var>
<arg>${data}[account][cpf]</arg>
<doc>Returns the given values which can then be assigned to a variables.</doc>
<status status="PASS" start="2024-11-04T13:25:13.038062" elapsed="0.000000"/>
</kw>
<kw name="Set Variable" owner="BuiltIn">
<msg time="2024-11-04T13:25:13.039059" level="INFO">${plan_id} = 2</msg>
<var>${plan_id}</var>
<arg>${data}[plan][id]</arg>
<doc>Returns the given values which can then be assigned to a variables.</doc>
<status status="PASS" start="2024-11-04T13:25:13.038062" elapsed="0.000997"/>
</kw>
<kw name="Set Variable" owner="BuiltIn">
<msg time="2024-11-04T13:25:13.039059" level="INFO">${price} = 79.99</msg>
<var>${price}</var>
<arg>${data}[plan][price]</arg>
<doc>Returns the given values which can then be assigned to a variables.</doc>
<status status="PASS" start="2024-11-04T13:25:13.039059" elapsed="0.000000"/>
</kw>
<kw name="Set Variable" owner="BuiltIn">
<msg time="2024-11-04T13:25:13.039059" level="INFO">${card} = 4242</msg>
<var>${card}</var>
<arg>${data}[credit_card][last]</arg>
<doc>Returns the given values which can then be assigned to a variables.</doc>
<status status="PASS" start="2024-11-04T13:25:13.039059" elapsed="0.000000"/>
</kw>
<kw name="Open Database Connection" owner="DB">
<kw name="Connect To Database" owner="DatabaseLibrary">
<msg time="2024-11-04T13:25:13.040059" level="INFO">Looking for configuration file: 'resources\db.cfg'</msg>
<msg time="2024-11-04T13:25:13.040059" level="INFO">Configuration file doesn't exist</msg>
<msg time="2024-11-04T13:25:13.040059" level="INFO">Connect to DB using : psycopg2.connect(database='smartbit', user='postgres', password=***, host='localhost', port=5432)</msg>
<arg>db_module=psycopg2</arg>
<arg>db_name=smartbit</arg>
<arg>db_user=postgres</arg>
<arg>db_password=QAx@123</arg>
<arg>db_host=localhost</arg>
<arg>db_port=5432</arg>
<doc>Creates a database connection using the DB API 2.0 ``db_module`` and the parameters provided.
Along with listed commonly used arguments (`db_name`, `db_host` etc.)
you can set any other DB module specific parameters as key/value pairs.</doc>
<status status="PASS" start="2024-11-04T13:25:13.039059" elapsed="0.021521"/>
</kw>
<status status="PASS" start="2024-11-04T13:25:13.039059" elapsed="0.021521"/>
</kw>
<kw name="Execute Sql String" owner="DatabaseLibrary">
<msg time="2024-11-04T13:25:13.061579" level="INFO" html="true">Executing sql:&lt;br&gt;&lt;code style="font-weight: bold;"&gt;WITH new_account AS (INSERT INTO accounts (name, email, cpf) VALUES ('Mariana da Silva', 'mariana.silva@test.com', '25870744016') RETURNING id) INSERT INTO memberships (account_id, plan_id, credit_card, price, status) SELECT id, 2, '4242', 79.99, true FROM new_account;&lt;/code&gt;</msg>
<arg>WITH new_account AS (INSERT INTO accounts (name, email, cpf) VALUES ('${name}', '${email}', '${cpf}') RETURNING id) INSERT INTO memberships (account_id, plan_id, credit_card, price, status) SELECT id, ${plan_id}, '${card}', ${price}, true FROM new_account;</arg>
<doc>Executes the ``sql_string`` as a single SQL command.</doc>
<status status="PASS" start="2024-11-04T13:25:13.061579" elapsed="0.027699"/>
</kw>
<kw name="Disconnect From Database" owner="DatabaseLibrary">
<doc>Disconnects from the database.</doc>
<status status="PASS" start="2024-11-04T13:25:13.089278" elapsed="0.000000"/>
</kw>
<arg>${data}</arg>
<status status="PASS" start="2024-11-04T13:25:13.037205" elapsed="0.052073"/>
</kw>
<kw name="Sign In With Admin User" owner="Base">
<kw name="Go To Login Page" owner="Login">
<kw name="Go To" owner="Browser">
<msg time="2024-11-04T13:25:13.168178" level="INFO">Successfully opened URL http://localhost:3000/login</msg>
<arg>http://localhost:3000/login</arg>
<tag>BrowserControl</tag>
<tag>Setter</tag>
<doc>Navigates to the given ``url``.</doc>
<status status="PASS" start="2024-11-04T13:25:13.091280" elapsed="0.076898"/>
</kw>
<status status="PASS" start="2024-11-04T13:25:13.090278" elapsed="0.077900"/>
</kw>
<kw name="Submit Login Form" owner="Login">
<kw name="Fill Text" owner="Browser">
<msg time="2024-11-04T13:25:13.169181" level="INFO">Fills the text 'sac@smartbit.com' in the given field.</msg>
<arg>css=input[name='email']</arg>
<arg>${email}</arg>
<tag>PageContent</tag>
<tag>Setter</tag>
<doc>Clears and fills the given ``txt`` into the text field found by ``selector``.</doc>
<status status="PASS" start="2024-11-04T13:25:13.169181" elapsed="0.034925"/>
</kw>
<kw name="Fill Text" owner="Browser">
<msg time="2024-11-04T13:25:13.205102" level="INFO">Fills the text 'pwd123' in the given field.</msg>
<arg>css=input[type='password']</arg>
<arg>${password}</arg>
<tag>PageContent</tag>
<tag>Setter</tag>
<doc>Clears and fills the given ``txt`` into the text field found by ``selector``.</doc>
<status status="PASS" start="2024-11-04T13:25:13.205102" elapsed="0.014365"/>
</kw>
<kw name="Click" owner="Browser">
<msg time="2024-11-04T13:25:13.219467" level="INFO">Clicks the element 'css=button &gt;&gt; text=Entrar'.</msg>
<arg>css=button &gt;&gt; text=Entrar</arg>
<tag>PageContent</tag>
<tag>Setter</tag>
<doc>Simulates mouse click on the element found by ``selector``.</doc>
<status status="PASS" start="2024-11-04T13:25:13.219467" elapsed="0.054655"/>
</kw>
<arg>${ADMIN}[email]</arg>
<arg>${ADMIN}[password]</arg>
<status status="PASS" start="2024-11-04T13:25:13.169181" elapsed="0.104941"/>
</kw>
<kw name="User Is Logged In" owner="Navbar">
<kw name="Set Variable" owner="BuiltIn">
<msg time="2024-11-04T13:25:13.275122" level="INFO">${logged_user_label} = css=.logged-user</msg>
<var>${logged_user_label}</var>
<arg>css=.logged-user</arg>
<doc>Returns the given values which can then be assigned to a variables.</doc>
<status status="PASS" start="2024-11-04T13:25:13.275122" elapsed="0.000000"/>
</kw>
<kw name="Wait For Elements State" owner="Browser">
<msg time="2024-11-04T13:25:14.622430" level="INFO">Waited for Element with selector css=.logged-user at state visible</msg>
<arg>selector=${logged_user_label}</arg>
<arg>state=visible</arg>
<arg>timeout=5s</arg>
<tag>PageContent</tag>
<tag>Wait</tag>
<doc>Waits for the element found by ``selector`` to satisfy state option.</doc>
<status status="PASS" start="2024-11-04T13:25:13.275122" elapsed="1.347308"/>
</kw>
<kw name="Get Text" owner="Browser">
<msg time="2024-11-04T13:25:14.641016" level="INFO">Text: 'sac@smartbit.com'</msg>
<arg>selector=${logged_user_label}</arg>
<arg>assertion_operator=equal</arg>
<arg>assertion_expected=${user_email}</arg>
<tag>Assertion</tag>
<tag>Getter</tag>
<tag>PageContent</tag>
<doc>Returns text attribute of the element found by ``selector``.</doc>
<status status="PASS" start="2024-11-04T13:25:14.622430" elapsed="0.018586"/>
</kw>
<arg>${ADMIN}[email]</arg>
<status status="PASS" start="2024-11-04T13:25:13.274122" elapsed="1.367895"/>
</kw>
<status status="PASS" start="2024-11-04T13:25:13.090278" elapsed="1.551739"/>
</kw>
<kw name="Go To Memberships Page" owner="Navbar">
<kw name="Click" owner="Browser">
<msg time="2024-11-04T13:25:14.643017" level="INFO">Clicks the element 'css=a[href='/memberships']'.</msg>
<arg>css=a[href='/memberships']</arg>
<tag>PageContent</tag>
<tag>Setter</tag>
<doc>Simulates mouse click on the element found by ``selector``.</doc>
<status status="PASS" start="2024-11-04T13:25:14.642017" elapsed="0.043893"/>
</kw>
<kw name="Wait For Elements State" owner="Browser">
<msg time="2024-11-04T13:25:14.711256" level="INFO">Waited for Element with selector css=h1 &gt;&gt; text=Matrículas at state visible</msg>
<arg>css=h1 &gt;&gt; text=Matrículas</arg>
<arg>visible</arg>
<arg>5s</arg>
<tag>PageContent</tag>
<tag>Wait</tag>
<doc>Waits for the element found by ``selector`` to satisfy state option.</doc>
<status status="PASS" start="2024-11-04T13:25:14.686881" elapsed="0.024375"/>
</kw>
<status status="PASS" start="2024-11-04T13:25:14.642017" elapsed="0.069239"/>
</kw>
<kw name="Filter Membership By Name" owner="Memberships">
<kw name="Fill Text" owner="Browser">
<msg time="2024-11-04T13:25:14.712256" level="INFO">Fills the text 'Mariana da Silva' in the given field.</msg>
<arg>css=input[placeholder^='Busque']</arg>
<arg>${name}</arg>
<tag>PageContent</tag>
<tag>Setter</tag>
<doc>Clears and fills the given ``txt`` into the text field found by ``selector``.</doc>
<status status="PASS" start="2024-11-04T13:25:14.712256" elapsed="0.009000"/>
</kw>
<kw name="Wait For Elements State" owner="Browser">
<msg time="2024-11-04T13:25:15.553350" level="INFO">Waited for Element with selector css=strong &gt;&gt; text=Total: 1 at state visible</msg>
<arg>css=strong &gt;&gt; text=Total: 1</arg>
<arg>visible</arg>
<arg>5s</arg>
<tag>PageContent</tag>
<tag>Wait</tag>
<doc>Waits for the element found by ``selector`` to satisfy state option.</doc>
<status status="PASS" start="2024-11-04T13:25:14.721256" elapsed="0.832094"/>
</kw>
<kw name="Wait For Elements State" owner="Browser">
<msg time="2024-11-04T13:25:15.559289" level="INFO">Waited for Element with selector css=table tbody tr &gt;&gt; text=Mariana da Silva at state visible</msg>
<arg>css=table tbody tr &gt;&gt; text=${name}</arg>
<arg>visible</arg>
<arg>5s</arg>
<tag>PageContent</tag>
<tag>Wait</tag>
<doc>Waits for the element found by ``selector`` to satisfy state option.</doc>
<status status="PASS" start="2024-11-04T13:25:15.553350" elapsed="0.005939"/>
</kw>
<arg>${data}[account][name]</arg>
<status status="PASS" start="2024-11-04T13:25:14.711256" elapsed="0.848033"/>
</kw>
<kw name="Take Screenshot" owner="Browser" type="TEARDOWN">
<msg time="2024-11-04T13:25:15.651451" level="INFO" html="true">&lt;/td&gt;&lt;/tr&gt;&lt;tr&gt;&lt;td colspan="3"&gt;&lt;a href="browser/screenshot/robotframework-browser-screenshot-5.png" target="_blank"&gt;&lt;img src="browser/screenshot/robotframework-browser-screenshot-5.png" width="800px"/&gt;&lt;/a&gt;</msg>
<tag>PageContent</tag>
<doc>Takes a screenshot of the current window or element and saves it to disk.</doc>
<status status="PASS" start="2024-11-04T13:25:15.560289" elapsed="0.091162"/>
</kw>
<status status="PASS" start="2024-11-04T13:25:12.242109" elapsed="3.409342"/>
</test>
<test id="s1-t4" name="Should Delete Membership" line="52">
<kw name="Start Session" owner="Base" type="SETUP">
<kw name="New Browser" owner="Browser">
<msg time="2024-11-04T13:25:15.723686" level="INFO">Switching browser to browser=b5975885-ef42-4e4e-9e64-cdb204a8a648</msg>
<msg time="2024-11-04T13:25:15.727044" level="INFO">Successfully changed active browser: browser=b5975885-ef42-4e4e-9e64-cdb204a8a648</msg>
<msg time="2024-11-04T13:25:15.727044" level="INFO">Reusing existing browser with id: browser=b5975885-ef42-4e4e-9e64-cdb204a8a648</msg>
<arg>browser=chromium</arg>
<arg>headless=False</arg>
<tag>BrowserControl</tag>
<tag>Setter</tag>
<doc>Create a new playwright Browser with specified options.</doc>
<status status="PASS" start="2024-11-04T13:25:15.722691" elapsed="0.004886"/>
</kw>
<kw name="New Page" owner="Browser">
<msg time="2024-11-04T13:25:16.407580" level="INFO">Successfully initialized new page object and opened url: http://localhost:3000</msg>
<msg time="2024-11-04T13:25:16.407580" level="INFO">No context was open. New context was automatically opened when this page is created.</msg>
<arg>http://localhost:3000</arg>
<tag>BrowserControl</tag>
<tag>Setter</tag>
<doc>Open a new Page.</doc>
<status status="PASS" start="2024-11-04T13:25:15.728101" elapsed="0.679479"/>
</kw>
<status status="PASS" start="2024-11-04T13:25:15.722691" elapsed="0.684889"/>
</kw>
<kw name="Get JSON Fixture" owner="Data">
<kw name="Load Json From File" owner="JSONLibrary">
<msg time="2024-11-04T13:25:16.409578" level="INFO">${data} = {'create': {'account': {'name': 'Paulo Cintura', 'email': 'paulo.cintura@test.com', 'cpf': '73592251082'}, 'plan': {'name': 'Plano Black', 'id': 2, 'price': 79.99}, 'credit_card': {'number': '42424242...</msg>
<var>${data}</var>
<arg>${EXECDIR}/resources/fixtures/${file_name}.json</arg>
<doc>Load JSON from file.</doc>
<status status="PASS" start="2024-11-04T13:25:16.408580" elapsed="0.000998"/>
</kw>
<return>
<value>${data}[${node_path}]</value>
<status status="PASS" start="2024-11-04T13:25:16.409578" elapsed="0.000000"/>
</return>
<msg time="2024-11-04T13:25:16.409578" level="INFO">&amp;{data} = { account={'name': 'Felipe Albuquerque', 'email': 'felipe.albuquerque@test.com', 'cpf': '90174595069'} | plan={'name': 'Plano Smart', 'id': 1, 'price': 99.99} | credit_card={'number': '424242424242424...</msg>
<var>&amp;{data}</var>
<arg>memberships</arg>
<arg>delete</arg>
<status status="PASS" start="2024-11-04T13:25:16.407580" elapsed="0.001998"/>
</kw>
<kw name="Database Delete Account By Email" owner="DB">
<kw name="Open Database Connection" owner="DB">
<kw name="Connect To Database" owner="DatabaseLibrary">
<msg time="2024-11-04T13:25:16.410576" level="INFO">Looking for configuration file: 'resources\db.cfg'</msg>
<msg time="2024-11-04T13:25:16.410576" level="INFO">Configuration file doesn't exist</msg>
<msg time="2024-11-04T13:25:16.410576" level="INFO">Connect to DB using : psycopg2.connect(database='smartbit', user='postgres', password=***, host='localhost', port=5432)</msg>
<arg>db_module=psycopg2</arg>
<arg>db_name=smartbit</arg>
<arg>db_user=postgres</arg>
<arg>db_password=QAx@123</arg>
<arg>db_host=localhost</arg>
<arg>db_port=5432</arg>
<doc>Creates a database connection using the DB API 2.0 ``db_module`` and the parameters provided.
Along with listed commonly used arguments (`db_name`, `db_host` etc.)
you can set any other DB module specific parameters as key/value pairs.</doc>
<status status="PASS" start="2024-11-04T13:25:16.410576" elapsed="0.016562"/>
</kw>
<status status="PASS" start="2024-11-04T13:25:16.410576" elapsed="0.016562"/>
</kw>
<kw name="Execute Sql String" owner="DatabaseLibrary">
<msg time="2024-11-04T13:25:16.428246" level="INFO" html="true">Executing sql:&lt;br&gt;&lt;code style="font-weight: bold;"&gt;DELETE FROM accounts WHERE email = 'felipe.albuquerque@test.com';&lt;/code&gt;</msg>
<arg>DELETE FROM accounts WHERE email = '${email}';</arg>
<doc>Executes the ``sql_string`` as a single SQL command.</doc>
<status status="PASS" start="2024-11-04T13:25:16.427138" elapsed="0.005999"/>
</kw>
<kw name="Disconnect From Database" owner="DatabaseLibrary">
<doc>Disconnects from the database.</doc>
<status status="PASS" start="2024-11-04T13:25:16.433137" elapsed="0.000000"/>
</kw>
<arg>${data}[account][email]</arg>
<status status="PASS" start="2024-11-04T13:25:16.409578" elapsed="0.023559"/>
</kw>
<kw name="Database Insert User Account And Membership" owner="DB">
<kw name="Set Variable" owner="BuiltIn">
<msg time="2024-11-04T13:25:16.434136" level="INFO">${name} = Felipe Albuquerque</msg>
<var>${name}</var>
<arg>${data}[account][name]</arg>
<doc>Returns the given values which can then be assigned to a variables.</doc>
<status status="PASS" start="2024-11-04T13:25:16.434136" elapsed="0.000000"/>
</kw>
<kw name="Set Variable" owner="BuiltIn">
<msg time="2024-11-04T13:25:16.435138" level="INFO">${email} = felipe.albuquerque@test.com</msg>
<var>${email}</var>
<arg>${data}[account][email]</arg>
<doc>Returns the given values which can then be assigned to a variables.</doc>
<status status="PASS" start="2024-11-04T13:25:16.434136" elapsed="0.001002"/>
</kw>
<kw name="Set Variable" owner="BuiltIn">
<msg time="2024-11-04T13:25:16.435138" level="INFO">${cpf} = 90174595069</msg>
<var>${cpf}</var>
<arg>${data}[account][cpf]</arg>
<doc>Returns the given values which can then be assigned to a variables.</doc>
<status status="PASS" start="2024-11-04T13:25:16.435138" elapsed="0.000000"/>
</kw>
<kw name="Set Variable" owner="BuiltIn">
<msg time="2024-11-04T13:25:16.435138" level="INFO">${plan_id} = 1</msg>
<var>${plan_id}</var>
<arg>${data}[plan][id]</arg>
<doc>Returns the given values which can then be assigned to a variables.</doc>
<status status="PASS" start="2024-11-04T13:25:16.435138" elapsed="0.000000"/>
</kw>
<kw name="Set Variable" owner="BuiltIn">
<msg time="2024-11-04T13:25:16.436135" level="INFO">${price} = 99.99</msg>
<var>${price}</var>
<arg>${data}[plan][price]</arg>
<doc>Returns the given values which can then be assigned to a variables.</doc>
<status status="PASS" start="2024-11-04T13:25:16.435138" elapsed="0.000997"/>
</kw>
<kw name="Set Variable" owner="BuiltIn">
<msg time="2024-11-04T13:25:16.436135" level="INFO">${card} = 4242</msg>
<var>${card}</var>
<arg>${data}[credit_card][last]</arg>
<doc>Returns the given values which can then be assigned to a variables.</doc>
<status status="PASS" start="2024-11-04T13:25:16.436135" elapsed="0.000000"/>
</kw>
<kw name="Open Database Connection" owner="DB">
<kw name="Connect To Database" owner="DatabaseLibrary">
<msg time="2024-11-04T13:25:16.436135" level="INFO">Looking for configuration file: 'resources\db.cfg'</msg>
<msg time="2024-11-04T13:25:16.437135" level="INFO">Configuration file doesn't exist</msg>
<msg time="2024-11-04T13:25:16.437135" level="INFO">Connect to DB using : psycopg2.connect(database='smartbit', user='postgres', password=***, host='localhost', port=5432)</msg>
<arg>db_module=psycopg2</arg>
<arg>db_name=smartbit</arg>
<arg>db_user=postgres</arg>
<arg>db_password=QAx@123</arg>
<arg>db_host=localhost</arg>
<arg>db_port=5432</arg>
<doc>Creates a database connection using the DB API 2.0 ``db_module`` and the parameters provided.
Along with listed commonly used arguments (`db_name`, `db_host` etc.)
you can set any other DB module specific parameters as key/value pairs.</doc>
<status status="PASS" start="2024-11-04T13:25:16.436135" elapsed="0.015928"/>
</kw>
<status status="PASS" start="2024-11-04T13:25:16.436135" elapsed="0.015928"/>
</kw>
<kw name="Execute Sql String" owner="DatabaseLibrary">
<msg time="2024-11-04T13:25:16.452585" level="INFO" html="true">Executing sql:&lt;br&gt;&lt;code style="font-weight: bold;"&gt;WITH new_account AS (INSERT INTO accounts (name, email, cpf) VALUES ('Felipe Albuquerque', 'felipe.albuquerque@test.com', '90174595069') RETURNING id) INSERT INTO memberships (account_id, plan_id, credit_card, price, status) SELECT id, 1, '4242', 99.99, true FROM new_account;&lt;/code&gt;</msg>
<arg>WITH new_account AS (INSERT INTO accounts (name, email, cpf) VALUES ('${name}', '${email}', '${cpf}') RETURNING id) INSERT INTO memberships (account_id, plan_id, credit_card, price, status) SELECT id, ${plan_id}, '${card}', ${price}, true FROM new_account;</arg>
<doc>Executes the ``sql_string`` as a single SQL command.</doc>
<status status="PASS" start="2024-11-04T13:25:16.452585" elapsed="0.004763"/>
</kw>
<kw name="Disconnect From Database" owner="DatabaseLibrary">
<doc>Disconnects from the database.</doc>
<status status="PASS" start="2024-11-04T13:25:16.457348" elapsed="0.000528"/>
</kw>
<arg>${data}</arg>
<status status="PASS" start="2024-11-04T13:25:16.434136" elapsed="0.023740"/>
</kw>
<kw name="Sign In With Admin User" owner="Base">
<kw name="Go To Login Page" owner="Login">
<kw name="Go To" owner="Browser">
<msg time="2024-11-04T13:25:16.533137" level="INFO">Successfully opened URL http://localhost:3000/login</msg>
<arg>http://localhost:3000/login</arg>
<tag>BrowserControl</tag>
<tag>Setter</tag>
<doc>Navigates to the given ``url``.</doc>
<status status="PASS" start="2024-11-04T13:25:16.460117" elapsed="0.073020"/>
</kw>
<status status="PASS" start="2024-11-04T13:25:16.459586" elapsed="0.073551"/>
</kw>
<kw name="Submit Login Form" owner="Login">
<kw name="Fill Text" owner="Browser">
<msg time="2024-11-04T13:25:16.535136" level="INFO">Fills the text 'sac@smartbit.com' in the given field.</msg>
<arg>css=input[name='email']</arg>
<arg>${email}</arg>
<tag>PageContent</tag>
<tag>Setter</tag>
<doc>Clears and fills the given ``txt`` into the text field found by ``selector``.</doc>
<status status="PASS" start="2024-11-04T13:25:16.534137" elapsed="0.029682"/>
</kw>
<kw name="Fill Text" owner="Browser">
<msg time="2024-11-04T13:25:16.564820" level="INFO">Fills the text 'pwd123' in the given field.</msg>
<arg>css=input[type='password']</arg>
<arg>${password}</arg>
<tag>PageContent</tag>
<tag>Setter</tag>
<doc>Clears and fills the given ``txt`` into the text field found by ``selector``.</doc>
<status status="PASS" start="2024-11-04T13:25:16.563819" elapsed="0.010877"/>
</kw>
<kw name="Click" owner="Browser">
<msg time="2024-11-04T13:25:16.575697" level="INFO">Clicks the element 'css=button &gt;&gt; text=Entrar'.</msg>
<arg>css=button &gt;&gt; text=Entrar</arg>
<tag>PageContent</tag>
<tag>Setter</tag>
<doc>Simulates mouse click on the element found by ``selector``.</doc>
<status status="PASS" start="2024-11-04T13:25:16.574696" elapsed="0.051565"/>
</kw>
<arg>${ADMIN}[email]</arg>
<arg>${ADMIN}[password]</arg>
<status status="PASS" start="2024-11-04T13:25:16.534137" elapsed="0.092124"/>
</kw>
<kw name="User Is Logged In" owner="Navbar">
<kw name="Set Variable" owner="BuiltIn">
<msg time="2024-11-04T13:25:16.627274" level="INFO">${logged_user_label} = css=.logged-user</msg>
<var>${logged_user_label}</var>
<arg>css=.logged-user</arg>
<doc>Returns the given values which can then be assigned to a variables.</doc>
<status status="PASS" start="2024-11-04T13:25:16.627274" elapsed="0.000000"/>
</kw>
<kw name="Wait For Elements State" owner="Browser">
<msg time="2024-11-04T13:25:17.963294" level="INFO">Waited for Element with selector css=.logged-user at state visible</msg>
<arg>selector=${logged_user_label}</arg>
<arg>state=visible</arg>
<arg>timeout=5s</arg>
<tag>PageContent</tag>
<tag>Wait</tag>
<doc>Waits for the element found by ``selector`` to satisfy state option.</doc>
<status status="PASS" start="2024-11-04T13:25:16.627274" elapsed="1.336020"/>
</kw>
<kw name="Get Text" owner="Browser">
<msg time="2024-11-04T13:25:17.983125" level="INFO">Text: 'sac@smartbit.com'</msg>
<arg>selector=${logged_user_label}</arg>
<arg>assertion_operator=equal</arg>
<arg>assertion_expected=${user_email}</arg>
<tag>Assertion</tag>
<tag>Getter</tag>
<tag>PageContent</tag>
<doc>Returns text attribute of the element found by ``selector``.</doc>
<status status="PASS" start="2024-11-04T13:25:17.963294" elapsed="0.019831"/>
</kw>
<arg>${ADMIN}[email]</arg>
<status status="PASS" start="2024-11-04T13:25:16.626261" elapsed="1.356864"/>
</kw>
<status status="PASS" start="2024-11-04T13:25:16.459031" elapsed="1.524094"/>
</kw>
<kw name="Go To Memberships Page" owner="Navbar">
<kw name="Click" owner="Browser">
<msg time="2024-11-04T13:25:17.984123" level="INFO">Clicks the element 'css=a[href='/memberships']'.</msg>
<arg>css=a[href='/memberships']</arg>
<tag>PageContent</tag>
<tag>Setter</tag>
<doc>Simulates mouse click on the element found by ``selector``.</doc>
<status status="PASS" start="2024-11-04T13:25:17.984123" elapsed="0.035057"/>
</kw>
<kw name="Wait For Elements State" owner="Browser">
<msg time="2024-11-04T13:25:18.047365" level="INFO">Waited for Element with selector css=h1 &gt;&gt; text=Matrículas at state visible</msg>
<arg>css=h1 &gt;&gt; text=Matrículas</arg>
<arg>visible</arg>
<arg>5s</arg>
<tag>PageContent</tag>
<tag>Wait</tag>
<doc>Waits for the element found by ``selector`` to satisfy state option.</doc>
<status status="PASS" start="2024-11-04T13:25:18.019180" elapsed="0.029181"/>
</kw>
<status status="PASS" start="2024-11-04T13:25:17.983125" elapsed="0.065236"/>
</kw>
<kw name="Delete Membership By Name" owner="Memberships">
<kw name="Click" owner="Browser">
<msg time="2024-11-04T13:25:18.049379" level="INFO">Clicks the element 'xpath=//td[text()='Felipe Albuquerque']/..//button'.</msg>
<arg>xpath=//td[text()='${name}']/..//button</arg>
<tag>PageContent</tag>
<tag>Setter</tag>
<doc>Simulates mouse click on the element found by ``selector``.</doc>
<status status="PASS" start="2024-11-04T13:25:18.049379" elapsed="0.051969"/>
</kw>
<arg>${data}[account][name]</arg>
<status status="PASS" start="2024-11-04T13:25:18.048361" elapsed="0.052987"/>
</kw>
<kw name="Confirm Removal" owner="Modal">
<kw name="Click" owner="Browser">
<msg time="2024-11-04T13:25:18.102338" level="INFO">Clicks the element 'css=.swal2-confirm'.</msg>
<arg>css=.swal2-confirm</arg>
<tag>PageContent</tag>
<tag>Setter</tag>
<doc>Simulates mouse click on the element found by ``selector``.</doc>
<status status="PASS" start="2024-11-04T13:25:18.102338" elapsed="0.398501"/>
</kw>
<status status="PASS" start="2024-11-04T13:25:18.102338" elapsed="0.398501"/>
</kw>
<kw name="Should Not Have Membership" owner="Memberships">
<kw name="Wait For Elements State" owner="Browser">
<msg time="2024-11-04T13:25:18.507911" level="INFO">Waited for Element with selector css=table tbody tr &gt;&gt; text=Felipe Albuquerque at state detached</msg>
<arg>css=table tbody tr &gt;&gt; text=${name}</arg>
<arg>detached</arg>
<arg>5s</arg>
<tag>PageContent</tag>
<tag>Wait</tag>
<doc>Waits for the element found by ``selector`` to satisfy state option.</doc>
<status status="PASS" start="2024-11-04T13:25:18.501839" elapsed="0.006072"/>
</kw>
<arg>${data}[account][name]</arg>
<status status="PASS" start="2024-11-04T13:25:18.501839" elapsed="0.006072"/>
</kw>
<kw name="Take Screenshot" owner="Browser" type="TEARDOWN">
<msg time="2024-11-04T13:25:18.648104" level="INFO" html="true">&lt;/td&gt;&lt;/tr&gt;&lt;tr&gt;&lt;td colspan="3"&gt;&lt;a href="browser/screenshot/robotframework-browser-screenshot-6.png" target="_blank"&gt;&lt;img src="browser/screenshot/robotframework-browser-screenshot-6.png" width="800px"/&gt;&lt;/a&gt;</msg>
<tag>PageContent</tag>
<doc>Takes a screenshot of the current window or element and saves it to disk.</doc>
<status status="PASS" start="2024-11-04T13:25:18.508906" elapsed="0.139198"/>
</kw>
<status status="PASS" start="2024-11-04T13:25:15.718469" elapsed="2.929635"/>
</test>
<doc>Enrollment scenarios</doc>
<status status="PASS" start="2024-11-04T13:25:02.121355" elapsed="16.599336"/>
</suite>
<statistics>
<total>
<stat pass="4" fail="0" skip="0">All Tests</stat>
</total>
<tag>
</tag>
<suite>
<stat pass="4" fail="0" skip="0" id="s1" name="Memberships">Memberships</stat>
</suite>
</statistics>
<errors>
</errors>
</robot>
