<?xml version="1.0" encoding="UTF-8"?>
<robot generator="Robot 7.1.1 (Python 3.12.1 on win32)" generated="2024-11-03T09:19:08.195681" rpa="false" schemaversion="5">
<suite id="s1" name="Memberships" source="C:\Coding\robotframework-qax\tests\memberships.robot">
<test id="s1-t1" name="Should Be Able To Complete New Membership" line="21">
<kw name="Start Session" owner="Base" type="SETUP">
<kw name="New Browser" owner="Browser">
<msg time="2024-11-03T09:19:08.793511" level="INFO">{"browser": "chromium", "headless": false, "chromiumSandbox": false, "devtools": false, "handleSIGHUP": true, "handleSIGINT": true, "handleSIGTERM": true, "slowMo": 0.0, "timeout": 30000.0, "tracesDir": "C:\\Coding\\robotframework-qax\\logs\\browser\\traces\\13567dfe-9ffb-4be3-9057-692d64ec6649"}</msg>
<msg time="2024-11-03T09:19:08.831168" level="INFO">Starting Browser process C:\Python312\Lib\site-packages\Browser\wrapper\index.js using port 59378</msg>
<msg time="2024-11-03T09:19:08.831168" level="INFO">Node startup parameters: ['node', 'C:\\Python312\\Lib\\site-packages\\Browser\\wrapper\\index.js', '59378']</msg>
<msg time="2024-11-03T09:19:09.674982" level="INFO">Successfully created browser with options: {"browser":"chromium","headless":false,"chromiumSandbox":false,"devtools":false,"handleSIGHUP":true,"handleSIGINT":true,"handleSIGTERM":true,"slowMo":0,"timeout":30000,"tracesDir":"C:\\Coding\\robotframework-qax\\logs\\browser\\traces\\13567dfe-9ffb-4be3-9057-692d64ec6649"}</msg>
<arg>browser=chromium</arg>
<arg>headless=False</arg>
<tag>BrowserControl</tag>
<tag>Setter</tag>
<doc>Create a new playwright Browser with specified options.</doc>
<status status="PASS" start="2024-11-03T09:19:08.792511" elapsed="0.882471"/>
</kw>
<kw name="New Page" owner="Browser">
<msg time="2024-11-03T09:19:10.500997" level="INFO">Successfully initialized new page object and opened url: http://localhost:3000</msg>
<msg time="2024-11-03T09:19:10.500997" level="INFO">No context was open. New context was automatically opened when this page is created.</msg>
<arg>http://localhost:3000</arg>
<tag>BrowserControl</tag>
<tag>Setter</tag>
<doc>Open a new Page.</doc>
<status status="PASS" start="2024-11-03T09:19:09.674982" elapsed="0.826015"/>
</kw>
<status status="PASS" start="2024-11-03T09:19:08.791511" elapsed="1.709486"/>
</kw>
<kw name="Get JSON Fixture" owner="Base">
<kw name="Load Json From File" owner="JSONLibrary">
<msg time="2024-11-03T09:19:10.502998" level="INFO">${data} = {'create': {'account': {'name': 'Paulo Cintura', 'email': 'paulo.cintura@test.com', 'cpf': '73592251082'}, 'plan': 'Plano Black', 'credit_card': {'number': '4242424242424242', 'holder': 'Paulo Cintura...</msg>
<var>${data}</var>
<arg>${EXECDIR}/resources/fixtures/${file_name}.json</arg>
<doc>Load JSON from file.</doc>
<status status="PASS" start="2024-11-03T09:19:10.502003" elapsed="0.000995"/>
</kw>
<return>
<value>${data}[${node_path}]</value>
<status status="PASS" start="2024-11-03T09:19:10.502998" elapsed="0.000000"/>
</return>
<msg time="2024-11-03T09:19:10.502998" level="INFO">${data} = {'account': {'name': 'Paulo Cintura', 'email': 'paulo.cintura@test.com', 'cpf': '73592251082'}, 'plan': 'Plano Black', 'credit_card': {'number': '4242424242424242', 'holder': 'Paulo Cintura', 'exp_mon...</msg>
<var>${data}</var>
<arg>memberships</arg>
<arg>create</arg>
<status status="PASS" start="2024-11-03T09:19:10.502003" elapsed="0.000995"/>
</kw>
<kw name="Delete Account By Email" owner="DB">
<kw name="Open Database Connection" owner="DB">
<kw name="Connect To Database" owner="DatabaseLibrary">
<msg time="2024-11-03T09:19:10.503998" level="INFO">Looking for configuration file: 'resources\db.cfg'</msg>
<msg time="2024-11-03T09:19:10.504998" level="INFO">Configuration file doesn't exist</msg>
<msg time="2024-11-03T09:19:10.516801" level="INFO">Connect to DB using : psycopg2.connect(database='smartbit', user='postgres', password=***, host='localhost', port=5432)</msg>
<arg>db_module=psycopg2</arg>
<arg>db_name=smartbit</arg>
<arg>db_user=postgres</arg>
<arg>db_password=QAx@123</arg>
<arg>db_host=localhost</arg>
<arg>db_port=5432</arg>
<doc>Creates a database connection using the DB API 2.0 ``db_module`` and the parameters provided.
Along with listed commonly used arguments (`db_name`, `db_host` etc.)
you can set any other DB module specific parameters as key/value pairs.</doc>
<status status="PASS" start="2024-11-03T09:19:10.503998" elapsed="0.031806"/>
</kw>
<status status="PASS" start="2024-11-03T09:19:10.503998" elapsed="0.031806"/>
</kw>
<kw name="Execute Sql String" owner="DatabaseLibrary">
<msg time="2024-11-03T09:19:10.536802" level="INFO" html="true">Executing sql:&lt;br&gt;&lt;code style="font-weight: bold;"&gt;DELETE FROM accounts WHERE email = 'paulo.cintura@test.com';&lt;/code&gt;</msg>
<arg>DELETE FROM accounts WHERE email = '${email}';</arg>
<doc>Executes the ``sql_string`` as a single SQL command.</doc>
<status status="PASS" start="2024-11-03T09:19:10.536802" elapsed="0.005998"/>
</kw>
<kw name="Disconnect From Database" owner="DatabaseLibrary">
<doc>Disconnects from the database.</doc>
<status status="PASS" start="2024-11-03T09:19:10.542800" elapsed="0.000000"/>
</kw>
<arg>${data}[account][email]</arg>
<status status="PASS" start="2024-11-03T09:19:10.503998" elapsed="0.038802"/>
</kw>
<kw name="Insert User Account" owner="DB">
<kw name="Open Database Connection" owner="DB">
<kw name="Connect To Database" owner="DatabaseLibrary">
<msg time="2024-11-03T09:19:10.543803" level="INFO">Looking for configuration file: 'resources\db.cfg'</msg>
<msg time="2024-11-03T09:19:10.543803" level="INFO">Configuration file doesn't exist</msg>
<msg time="2024-11-03T09:19:10.544804" level="INFO">Connect to DB using : psycopg2.connect(database='smartbit', user='postgres', password=***, host='localhost', port=5432)</msg>
<arg>db_module=psycopg2</arg>
<arg>db_name=smartbit</arg>
<arg>db_user=postgres</arg>
<arg>db_password=QAx@123</arg>
<arg>db_host=localhost</arg>
<arg>db_port=5432</arg>
<doc>Creates a database connection using the DB API 2.0 ``db_module`` and the parameters provided.
Along with listed commonly used arguments (`db_name`, `db_host` etc.)
you can set any other DB module specific parameters as key/value pairs.</doc>
<status status="PASS" start="2024-11-03T09:19:10.543803" elapsed="0.015000"/>
</kw>
<status status="PASS" start="2024-11-03T09:19:10.543803" elapsed="0.015000"/>
</kw>
<kw name="Execute Sql String" owner="DatabaseLibrary">
<msg time="2024-11-03T09:19:10.558803" level="INFO" html="true">Executing sql:&lt;br&gt;&lt;code style="font-weight: bold;"&gt;INSERT INTO accounts (name, email, cpf) VALUES ('Paulo Cintura', 'paulo.cintura@test.com', '73592251082');&lt;/code&gt;</msg>
<arg>INSERT INTO accounts (name, email, cpf) VALUES ('${account_data}[name]', '${account_data}[email]', '${account_data}[cpf]');</arg>
<doc>Executes the ``sql_string`` as a single SQL command.</doc>
<status status="PASS" start="2024-11-03T09:19:10.558803" elapsed="0.003647"/>
</kw>
<kw name="Disconnect From Database" owner="DatabaseLibrary">
<doc>Disconnects from the database.</doc>
<status status="PASS" start="2024-11-03T09:19:10.562450" elapsed="0.000000"/>
</kw>
<arg>&amp;{data}[account]</arg>
<status status="PASS" start="2024-11-03T09:19:10.542800" elapsed="0.019650"/>
</kw>
<kw name="Sign In With Admin User" owner="Base">
<kw name="Go To Login Page" owner="Login">
<kw name="Go To" owner="Browser">
<msg time="2024-11-03T09:19:10.632502" level="INFO">Successfully opened URL http://localhost:3000/login</msg>
<arg>http://localhost:3000/login</arg>
<tag>BrowserControl</tag>
<tag>Setter</tag>
<doc>Navigates to the given ``url``.</doc>
<status status="PASS" start="2024-11-03T09:19:10.563458" elapsed="0.069044"/>
</kw>
<status status="PASS" start="2024-11-03T09:19:10.563458" elapsed="0.069044"/>
</kw>
<kw name="Submit Login Form" owner="Login">
<kw name="Fill Text" owner="Browser">
<msg time="2024-11-03T09:19:10.633507" level="INFO">Fills the text 'sac@smartbit.com' in the given field.</msg>
<arg>css=input[name='email']</arg>
<arg>${email}</arg>
<tag>PageContent</tag>
<tag>Setter</tag>
<doc>Clears and fills the given ``txt`` into the text field found by ``selector``.</doc>
<status status="PASS" start="2024-11-03T09:19:10.633507" elapsed="0.039725"/>
</kw>
<kw name="Fill Text" owner="Browser">
<msg time="2024-11-03T09:19:10.674226" level="INFO">Fills the text 'pwd123' in the given field.</msg>
<arg>css=input[type='password']</arg>
<arg>${password}</arg>
<tag>PageContent</tag>
<tag>Setter</tag>
<doc>Clears and fills the given ``txt`` into the text field found by ``selector``.</doc>
<status status="PASS" start="2024-11-03T09:19:10.673232" elapsed="0.015997"/>
</kw>
<kw name="Click" owner="Browser">
<msg time="2024-11-03T09:19:10.690225" level="INFO">Clicks the element 'css=button &gt;&gt; text=Entrar'.</msg>
<arg>css=button &gt;&gt; text=Entrar</arg>
<tag>PageContent</tag>
<tag>Setter</tag>
<doc>Simulates mouse click on the element found by ``selector``.</doc>
<status status="PASS" start="2024-11-03T09:19:10.690225" elapsed="0.047979"/>
</kw>
<arg>${ADMIN}[email]</arg>
<arg>${ADMIN}[password]</arg>
<status status="PASS" start="2024-11-03T09:19:10.632502" elapsed="0.105702"/>
</kw>
<kw name="User Is Logged In" owner="Navbar">
<kw name="Set Variable" owner="BuiltIn">
<msg time="2024-11-03T09:19:10.739205" level="INFO">${logged_user_label} = css=.logged-user</msg>
<var>${logged_user_label}</var>
<arg>css=.logged-user</arg>
<doc>Returns the given values which can then be assigned to a variables.</doc>
<status status="PASS" start="2024-11-03T09:19:10.739205" elapsed="0.000000"/>
</kw>
<kw name="Wait For Elements State" owner="Browser">
<msg time="2024-11-03T09:19:12.094387" level="INFO">Waited for Element with selector css=.logged-user at state visible</msg>
<arg>selector=${logged_user_label}</arg>
<arg>state=visible</arg>
<arg>timeout=5s</arg>
<tag>PageContent</tag>
<tag>Wait</tag>
<doc>Waits for the element found by ``selector`` to satisfy state option.</doc>
<status status="PASS" start="2024-11-03T09:19:10.739205" elapsed="1.355182"/>
</kw>
<kw name="Get Text" owner="Browser">
<msg time="2024-11-03T09:19:12.139509" level="INFO">Text: 'sac@smartbit.com'</msg>
<arg>selector=${logged_user_label}</arg>
<arg>assertion_operator=equal</arg>
<arg>assertion_expected=${user_email}</arg>
<tag>Assertion</tag>
<tag>Getter</tag>
<tag>PageContent</tag>
<doc>Returns text attribute of the element found by ``selector``.</doc>
<status status="PASS" start="2024-11-03T09:19:12.095426" elapsed="0.044083"/>
</kw>
<arg>${ADMIN}[email]</arg>
<status status="PASS" start="2024-11-03T09:19:10.738204" elapsed="1.401305"/>
</kw>
<status status="PASS" start="2024-11-03T09:19:10.563458" elapsed="1.576051"/>
</kw>
<kw name="Enroll New Member" owner="Base">
<kw name="Go To Memberships Page" owner="Navbar">
<kw name="Click" owner="Browser">
<msg time="2024-11-03T09:19:12.140507" level="INFO">Clicks the element 'css=a[href='/memberships']'.</msg>
<arg>css=a[href='/memberships']</arg>
<tag>PageContent</tag>
<tag>Setter</tag>
<doc>Simulates mouse click on the element found by ``selector``.</doc>
<status status="PASS" start="2024-11-03T09:19:12.140507" elapsed="0.034130"/>
</kw>
<kw name="Wait For Elements State" owner="Browser">
<msg time="2024-11-03T09:19:12.199629" level="INFO">Waited for Element with selector css=h1 &gt;&gt; text=Matrículas at state visible</msg>
<arg>css=h1 &gt;&gt; text=Matrículas</arg>
<arg>visible</arg>
<arg>5s</arg>
<tag>PageContent</tag>
<tag>Wait</tag>
<doc>Waits for the element found by ``selector`` to satisfy state option.</doc>
<status status="PASS" start="2024-11-03T09:19:12.175666" elapsed="0.023963"/>
</kw>
<status status="PASS" start="2024-11-03T09:19:12.140507" elapsed="0.059122"/>
</kw>
<kw name="Start New Membership Enrollment" owner="Memberships">
<kw name="Click" owner="Browser">
<msg time="2024-11-03T09:19:12.200630" level="INFO">Clicks the element 'css=a[href='/memberships/new']'.</msg>
<arg>css=a[href='/memberships/new']</arg>
<tag>PageContent</tag>
<tag>Setter</tag>
<doc>Simulates mouse click on the element found by ``selector``.</doc>
<status status="PASS" start="2024-11-03T09:19:12.199629" elapsed="0.080808"/>
</kw>
<kw name="Wait For Elements State" owner="Browser">
<msg time="2024-11-03T09:19:12.291437" level="INFO">Waited for Element with selector css=h1 &gt;&gt; text=Nova matrícula at state visible</msg>
<arg>css=h1 &gt;&gt; text=Nova matrícula</arg>
<arg>visible</arg>
<arg>5s</arg>
<tag>PageContent</tag>
<tag>Wait</tag>
<doc>Waits for the element found by ``selector`` to satisfy state option.</doc>
<status status="PASS" start="2024-11-03T09:19:12.281437" elapsed="0.010000"/>
</kw>
<status status="PASS" start="2024-11-03T09:19:12.199629" elapsed="0.091808"/>
</kw>
<kw name="Select Account" owner="NewMembership">
<kw name="Fill Text" owner="Browser">
<msg time="2024-11-03T09:19:12.292436" level="INFO">Fills the text 'Paulo Cintura' in the given field.</msg>
<arg>css=input[aria-label='select_account']</arg>
<arg>${name}</arg>
<tag>PageContent</tag>
<tag>Setter</tag>
<doc>Clears and fills the given ``txt`` into the text field found by ``selector``.</doc>
<status status="PASS" start="2024-11-03T09:19:12.292436" elapsed="0.021001"/>
</kw>
<kw name="Click" owner="Browser">
<msg time="2024-11-03T09:19:12.314436" level="INFO">Clicks the element 'css=[data-testid='73592251082']'.</msg>
<arg>css=[data-testid='${cpf}']</arg>
<tag>PageContent</tag>
<tag>Setter</tag>
<doc>Simulates mouse click on the element found by ``selector``.</doc>
<status status="PASS" start="2024-11-03T09:19:12.313437" elapsed="0.049939"/>
</kw>
<arg>${data}[account][name]</arg>
<arg>${data}[account][cpf]</arg>
<status status="PASS" start="2024-11-03T09:19:12.291437" elapsed="0.071939"/>
</kw>
<kw name="Select Plan" owner="NewMembership">
<kw name="Fill Text" owner="Browser">
<msg time="2024-11-03T09:19:12.364377" level="INFO">Fills the text 'Plano Black' in the given field.</msg>
<arg>css=input[aria-label='select_plan']</arg>
<arg>${plan}</arg>
<tag>PageContent</tag>
<tag>Setter</tag>
<doc>Clears and fills the given ``txt`` into the text field found by ``selector``.</doc>
<status status="PASS" start="2024-11-03T09:19:12.364377" elapsed="0.015000"/>
</kw>
<kw name="Click" owner="Browser">
<msg time="2024-11-03T09:19:12.380377" level="INFO">Clicks the element 'div[id*='option'] &gt;&gt; text=Plano Black'.</msg>
<arg>div[id*='option'] &gt;&gt; text=${plan}</arg>
<tag>PageContent</tag>
<tag>Setter</tag>
<doc>Simulates mouse click on the element found by ``selector``.</doc>
<status status="PASS" start="2024-11-03T09:19:12.380377" elapsed="0.049827"/>
</kw>
<arg>${data}[plan]</arg>
<status status="PASS" start="2024-11-03T09:19:12.363376" elapsed="0.067828"/>
</kw>
<kw name="Fill Credit Card Data" owner="NewMembership">
<kw name="Fill Text" owner="Browser">
<msg time="2024-11-03T09:19:12.431204" level="INFO">Fills the text '4242424242424242' in the given field.</msg>
<arg>css=input[name='card_number']</arg>
<arg>${card_data}[number]</arg>
<tag>PageContent</tag>
<tag>Setter</tag>
<doc>Clears and fills the given ``txt`` into the text field found by ``selector``.</doc>
<status status="PASS" start="2024-11-03T09:19:12.431204" elapsed="0.012001"/>
</kw>
<kw name="Fill Text" owner="Browser">
<msg time="2024-11-03T09:19:12.444207" level="INFO">Fills the text 'Paulo Cintura' in the given field.</msg>
<arg>css=input[name='card_holder']</arg>
<arg>${card_data}[holder]</arg>
<tag>PageContent</tag>
<tag>Setter</tag>
<doc>Clears and fills the given ``txt`` into the text field found by ``selector``.</doc>
<status status="PASS" start="2024-11-03T09:19:12.444207" elapsed="0.012000"/>
</kw>
<kw name="Fill Text" owner="Browser">
<msg time="2024-11-03T09:19:12.456207" level="INFO">Fills the text '12' in the given field.</msg>
<arg>css=input[name='card_month']</arg>
<arg>${card_data}[exp_month]</arg>
<tag>PageContent</tag>
<tag>Setter</tag>
<doc>Clears and fills the given ``txt`` into the text field found by ``selector``.</doc>
<status status="PASS" start="2024-11-03T09:19:12.456207" elapsed="0.010999"/>
</kw>
<kw name="Fill Text" owner="Browser">
<msg time="2024-11-03T09:19:12.468211" level="INFO">Fills the text '2030' in the given field.</msg>
<arg>css=input[name='card_year']</arg>
<arg>${card_data}[exp_year]</arg>
<tag>PageContent</tag>
<tag>Setter</tag>
<doc>Clears and fills the given ``txt`` into the text field found by ``selector``.</doc>
<status status="PASS" start="2024-11-03T09:19:12.468211" elapsed="0.010994"/>
</kw>
<kw name="Fill Text" owner="Browser">
<msg time="2024-11-03T09:19:12.479205" level="INFO">Fills the text '123' in the given field.</msg>
<arg>css=input[name='card_cvv']</arg>
<arg>${card_data}[cvv]</arg>
<tag>PageContent</tag>
<tag>Setter</tag>
<doc>Clears and fills the given ``txt`` into the text field found by ``selector``.</doc>
<status status="PASS" start="2024-11-03T09:19:12.479205" elapsed="0.011587"/>
</kw>
<arg>&amp;{data}[credit_card]</arg>
<status status="PASS" start="2024-11-03T09:19:12.431204" elapsed="0.059588"/>
</kw>
<kw name="Finish Membership Enrollment" owner="NewMembership">
<kw name="Click" owner="Browser">
<msg time="2024-11-03T09:19:12.491789" level="INFO">Clicks the element 'css=button[type='submit']'.</msg>
<arg>css=button[type='submit']</arg>
<tag>PageContent</tag>
<tag>Setter</tag>
<doc>Simulates mouse click on the element found by ``selector``.</doc>
<status status="PASS" start="2024-11-03T09:19:12.490792" elapsed="0.039355"/>
</kw>
<kw name="Toast Message Should Be" owner="Toast">
<kw name="Set Variable" owner="BuiltIn">
<msg time="2024-11-03T09:19:12.531148" level="INFO">${toast_selector} = .Toastify__toast-body</msg>
<var>${toast_selector}</var>
<arg>.Toastify__toast-body</arg>
<doc>Returns the given values which can then be assigned to a variables.</doc>
<status status="PASS" start="2024-11-03T09:19:12.530147" elapsed="0.001001"/>
</kw>
<kw name="Wait For Elements State" owner="Browser">
<msg time="2024-11-03T09:19:12.624806" level="INFO">Waited for Element with selector css=.Toastify__toast-body at state visible</msg>
<arg>css=${toast_selector}</arg>
<arg>state=visible</arg>
<arg>timeout=5s</arg>
<tag>PageContent</tag>
<tag>Wait</tag>
<doc>Waits for the element found by ``selector`` to satisfy state option.</doc>
<status status="PASS" start="2024-11-03T09:19:12.531148" elapsed="0.093658"/>
</kw>
<kw name="Get Text" owner="Browser">
<msg time="2024-11-03T09:19:12.636806" level="INFO">Text: 'Matrícula cadastrada com sucesso.'</msg>
<arg>css=${toast_selector}</arg>
<arg>assertion_operator=equal</arg>
<arg>assertion_expected=${expected_text}</arg>
<tag>Assertion</tag>
<tag>Getter</tag>
<tag>PageContent</tag>
<doc>Returns text attribute of the element found by ``selector``.</doc>
<status status="PASS" start="2024-11-03T09:19:12.624806" elapsed="0.012000"/>
</kw>
<kw name="Take Screenshot" owner="Browser">
<msg time="2024-11-03T09:19:13.685608" level="INFO" html="true">&lt;/td&gt;&lt;/tr&gt;&lt;tr&gt;&lt;td colspan="3"&gt;&lt;a href="browser/screenshot/robotframework-browser-screenshot-1.png" target="_blank"&gt;&lt;img src="browser/screenshot/robotframework-browser-screenshot-1.png" width="800px"/&gt;&lt;/a&gt;</msg>
<arg>selector=${toast_selector}</arg>
<tag>PageContent</tag>
<doc>Takes a screenshot of the current window or element and saves it to disk.</doc>
<status status="PASS" start="2024-11-03T09:19:12.636806" elapsed="1.048802"/>
</kw>
<arg>Matrícula cadastrada com sucesso.</arg>
<status status="PASS" start="2024-11-03T09:19:12.530147" elapsed="1.155461"/>
</kw>
<status status="PASS" start="2024-11-03T09:19:12.490792" elapsed="1.194816"/>
</kw>
<arg>${data}</arg>
<status status="PASS" start="2024-11-03T09:19:12.140507" elapsed="1.545101"/>
</kw>
<kw name="Take Screenshot" owner="Browser" type="TEARDOWN">
<msg time="2024-11-03T09:19:13.774851" level="INFO" html="true">&lt;/td&gt;&lt;/tr&gt;&lt;tr&gt;&lt;td colspan="3"&gt;&lt;a href="browser/screenshot/robotframework-browser-screenshot-2.png" target="_blank"&gt;&lt;img src="browser/screenshot/robotframework-browser-screenshot-2.png" width="800px"/&gt;&lt;/a&gt;</msg>
<tag>PageContent</tag>
<doc>Takes a screenshot of the current window or element and saves it to disk.</doc>
<status status="PASS" start="2024-11-03T09:19:13.686608" elapsed="0.089242"/>
</kw>
<status status="PASS" start="2024-11-03T09:19:08.790543" elapsed="4.985307"/>
</test>
<doc>Enrollment scenarios</doc>
<status status="PASS" start="2024-11-03T09:19:08.197651" elapsed="5.634200"/>
</suite>
<statistics>
<total>
<stat pass="1" fail="0" skip="0">All Tests</stat>
</total>
<tag>
</tag>
<suite>
<stat pass="1" fail="0" skip="0" id="s1" name="Memberships">Memberships</stat>
</suite>
</statistics>
<errors>
</errors>
</robot>
